[RUN #0 5 120]
387 -84 -306 44 542
219 -505 -639 108 638
-971 -955 -803 595 120
-502 675 -344 -102 -513
-538 -773 843 473 907
-249 954 -629 -913 67
-425 -870 13 -452 326
561 -753 494 -777 -372
-578 -554 -839 -57 -142
112 549 -672 345 449
-478 -508 -650 196 -20
-941 -90 -831 953 -817
-92 605 -209 231 -916
-381 315 -564 -891 -111
985 165 323 -494 239
108 -333 326 771 -327
-612 -502 435 -111 -459
-559 -889 -677 -72 741
152 65 -254 475 325
-702 -640 -263 -767 617
815 -813 -100 -7 858
879 729 -197 -859 -224
239 929 -636 -60 77
-152 416 -304 126 -36
-51 -201 838 -436 -155
-169 -621 513 857 -709
99 -309 -756 136 147
502 -696 329 191 99
226 -809 -69 -393 92
381 430 794 242 774
36 -974 216 667 233
477 879 309 882 -909
-538 -553 563 649 -129
-915 538 -683 -365 -792
-188 994 -807 329 -720
-360 -175 -199 -538 11
-978 -329 735 -501 789
756 -211 540 163 -842
822 831 388 705 -52
-374 455 -844 690 439
351 62 919 -949 809
-450 -306 -457 -312 67
910 213 -750 -840 108
39 283 493 -209 508
369 218 -757 -721 881
-177 -638 -815 127 842
-274 -479 -958 -445 -994
-212 -605 469 -559 -831
431 729 -752 608 -127
969 -732 -13 169 447
-537 -340 691 495 227
-292 -367 -601 196 905
674 3 -699 -87 472
-823 510 412 -861 585
192 -289 589 613 -174
661 -95 126 573 949
-912 447 588 -752 -522
-931 830 971 -669 469
-81 -634 -995 -880 -972
-855 467 494 469 -398
77 -96 57 124 731
561 262 478 -296 -2
304 709 -602 102 422
566 -646 600 521 293
-781 116 110 -25 569
-873 108 600 -733 -382
417 553 -519 971 -728
-496 -828 872 903 -374
-867 -882 -969 873 85
-506 -323 503 240 -675
397 95 -189 664 72
-196 -442 -699 -377 768
901 -544 -683 -955 645
645 527 396 526 335
963 274 968 236 465
245 -500 104 -71 140
725 -966 -349 692 494
478 -891 -343 166 -642
184 -889 -458 751 614
-149 521 284 -720 618
848 -255 385 -164 -890
-425 -360 -934 546 551
-985 548 -793 623 -661
155 390 -594 418 610
453 -943 -230 -952 578
821 -72 544 564 237
-998 902 -725 163 -72
-868 -38 -473 350 322
102 -964 -814 534 -397
-779 -858 -843 868 -744
-561 -117 -450 -33 -946
-348 110 598 -679 -708
-659 -511 -980 -678 113
923 -667 -433 -614 843
762 -520 -749 -81 98
-476 -711 -696 -613 509
180 910 123 753 339
99 -148 -458 -563 -268
504 87 -233 251 557
-997 -604 -91 594 -859
675 46 531 -351 -279
-455 -284 913 454 -340
-606 -288 443 228 -819
994 850 -314 435 -828
707 -232 -153 883 -380
366 -226 482 749 739
732 67 -284 917 -860
-306 -737 -424 125 986
-278 -685 -999 -648 -790
-517 166 602 891 -355
-771 702 889 576 -197
-254 -214 598 -167 -151
597 -572 871 -271 -900
62 480 -594 953 -198
-758 654 -817 450 -163
-807 752 352 230 -967
-626 -391 822 228 -115
460 -555 850 -946 837
-21 -177 700 867 397
274 -405 872 655 -724
[RUN #1 50 100]
719 756 300 -835 -693 -590 -980 -754 13 -275 714 -510 -196 287 506 819 895 -165 -963 -881 790 894 -789 522 72 -834 -205 -860 -856 -210 548 -277 -848 -365 -373 -542 -301 -744 213 97 -13 -227 -168 188 -224 -737 -409 -315 -765 767
872 -965 -900 -885 988 -291 987 358 774 -847 974 -390 610 -81 578 933 795 -907 645 247 895 -863 -770 651 829 -357 -507 282 705 242 350 339 -622 -231 -192 -684 96 -997 819 476 856 161 -265 -354 206 -940 782 -247 689 -988
464 513 -844 -400 885 934 -699 -347 -341 -552 314 -144 493 -187 452 -988 -500 57 -238 196 539 236 -9 803 -954 -449 820 -771 -68 411 652 180 372 -995 -151 889 -899 -110 6 851 274 -164 717 -253 -332 507 -683 -626 56 661
671 770 721 331 49 490 -449 800 552 111 107 78 997 339 -188 -482 -132 -363 796 -221 366 -768 -977 935 -146 -741 -163 476 757 972 -89 294 -948 198 -556 -927 755 -51 575 -793 152 -419 323 19 275 -90 -179 -210 573 -880
-981 -4 -992 -693 -272 118 819 384 -491 688 -114 -655 326 974 -404 521 807 443 196 -982 543 -688 -897 567 707 226 29 641 -570 -515 -151 762 -739 34 699 -209 -822 415 562 -237 725 -469 -689 157 -62 467 120 995 772 -619
810 -27 -856 727 -107 533 890 -400 -550 105 253 186 -871 523 -42 -880 15 -7 995 223 -374 -405 -934 336 -494 -701 833 141 -354 33 -270 -332 288 542 -896 758 933 -22 486 634 366 625 145 192 866 -176 -178 207 -545 119
-94 -800 -569 738 282 230 -251 665 609 -349 -497 171 -495 627 -169 -984 78 183 284 583 354 947 -698 428 -324 34 530 747 169 -665 198 -66 617 237 -443 980 -186 -848 -602 -727 -35 -844 -793 -547 -876 -7 -593 -277 553 637
311 -777 -346 -878 -144 412 -919 -17 -739 -619 254 864 353 -585 485 -269 -62 850 -955 -865 -688 624 -507 -119 -762 -959 -894 848 -541 77 631 26 433 907 577 -382 886 -854 24 852 -856 968 -436 460 207 462 -664 36 541 344
-527 449 919 726 -128 462 -127 -460 645 4 649 -722 -422 396 540 580 -204 3 538 -453 -111 5 793 263 -330 -805 456 522 874 -837 479 -498 -491 -413 877 -528 -165 137 -726 231 991 -861 -506 -734 -599 729 -705 -36 -69 496
519 437 74 408 -162 -372 -387 -336 -991 -606 82 346 666 -201 -486 -94 -717 500 -675 -143 296 508 -240 -404 -648 -450 71 317 392 -998 279 902 -352 -695 444 -376 926 788 482 422 -142 526 824 680 338 707 814 -479 924 -78
-226 -537 -907 -990 -404 136 -958 -636 -95 -391 713 -106 537 -720 -581 364 -211 -685 -760 -741 692 684 -185 503 -657 -925 -349 912 260 -980 78 -260 217 -848 -388 -2 -877 284 -13 -296 -735 -359 221 813 853 509 -222 -673 312 485
824 662 933 -839 133 226 -430 924 -354 923 485 812 225 268 831 93 -651 -442 137 -174 -332 972 616 280 -647 459 270 -955 897 -395 901 -126 -556 -746 593 242 325 -974 364 -581 -600 698 -941 -866 657 215 -694 -854 426 864
990 874 546 876 -546 -38 837 -508 335 238 -554 242 882 -295 -866 -41 54 -388 15 -864 94 -623 465 545 989 879 561 -441 11 -244 321 975 244 42 -421 519 -5 -154 206 685 439 -89 -774 -203 525 -807 126 958 906 911
-581 115 -85 700 327 -368 -741 -224 864 -908 -342 -179 -676 -80 -265 579 -59 632 -2 963 -305 390 -450 539 -519 -400 874 -449 938 120 844 -563 25 865 -146 101 606 -44 299 -626 161 976 991 -77 -482 -769 435 -603 -37 -924
624 -863 -360 471 224 -843 141 -910 245 131 167 -187 693 312 981 -684 277 649 -533 132 -42 -278 -822 323 368 -922 336 -474 -498 631 -920 73 -469 772 767 -131 359 -831 136 664 209 82 -387 125 -290 -727 -584 -461 -756 -435
-655 -207 676 -460 535 -760 -712 714 278 435 -180 91 -882 803 909 -133 97 -798 474 94 -355 548 -710 131 -776 -740 686 -964 -34 -370 -363 942 -607 441 209 52 -197 332 361 -604 581 915 -549 259 861 -679 -914 515 -404 928
561 267 -461 -309 -410 -129 942 210 -765 17 -824 67 64 697 591 -866 280 -416 664 705 -691 521 405 -172 -85 -878 83 381 -624 979 -982 463 -240 -912 136 65 469 980 -369 -212 -989 168 -603 -191 823 -274 269 260 125 -427
-925 -297 62 933 -679 -687 456 -667 -261 188 102 -453 519 3 355 -167 -218 -305 -907 -760 314 -860 -147 -502 953 383 131 -51 96 -789 582 -724 -893 -564 927 279 804 675 -826 309 214 935 -247 614 -766 310 -188 975 -203 109
-179 -342 941 -812 449 780 -694 399 319 145 485 -511 -541 52 317 438 831 -487 -186 472 491 66 616 -237 -478 -499 -839 -837 694 380 954 -635 -901 740 185 -869 -421 464 577 852 -790 -257 -269 -885 -284 -725 -34 -552 -779 990
-823 100 125 -719 -163 -994 -683 375 -936 -843 -895 226 166 -587 485 -886 530 -597 864 -955 86 -321 -601 -312 771 -945 411 -515 927 782 83 618 846 -179 451 568 503 -759 844 649 -351 149 -378 869 -786 275 -784 103 381 655
-624 776 553 -331 769 913 947 -867 -712 -804 -728 -617 -639 -628 251 -875 -784 -311 -12 -416 918 -592 -103 137 -805 -133 795 -732 -115 -49 256 99 230 13 128 842 465 -368 -6 -937 975 154 -641 620 -441 510 344 330 890 -343
270 -328 -751 164 -879 -668 -726 237 -485 318 642 -786 533 719 822 933 810 598 -512 -975 -599 316 207 -835 -643 -571 829 -637 332 -805 -898 246 930 525 -131 360 -251 557 451 -192 113 -233 867 191 742 473 579 107 204 -289
980 5 903 -722 18 -20 -707 565 -647 833 -778 -990 534 -919 -370 -980 -779 796 -269 1 948 -237 -631 83 803 -814 -278 692 591 529 -331 -759 715 149 -60 -804 -750 -112 -50 -204 -883 368 364 536 -656 -253 807 -580 -1000 -213
676 813 398 585 553 244 -926 0 735 907 -532 773 148 639 -403 -822 -36 737 -614 425 917 707 -402 986 790 550 -941 670 -243 766 -597 987 461 255 -982 312 -602 493 205 -71 -699 -675 -494 52 -913 -59 517 -900 74 510
470 2 185 674 -738 611 -300 727 989 -788 481 -94 -154 -661 -831 -698 -836 51 -888 -663 -904 870 -648 968 -382 -341 391 567 -786 168 905 -696 260 -184 -730 344 653 -951 360 -30 953 -549 607 -605 517 534 -982 375 -752 26
-550 -14 411 704 -402 -641 -838 -220 -910 774 -536 -621 421 -656 811 -779 -357 -713 311 -637 268 46 26 509 842 146 817 47 -72 211 757 -194 230 -274 370 20 -151 -685 -863 490 -740 841 -934 -56 638 -303 -799 960 -140 50
494 862 -640 -711 -152 822 544 -263 403 -576 157 778 -42 118 -550 503 -121 -91 158 -50 -161 -739 675 -514 734 747 940 -23 692 816 -347 397 78 990 50 -213 -847 -507 140 -544 297 -868 -316 177 -820 -460 320 -166 -367 -666
904 -231 342 -805 -314 -365 808 -343 318 576 990 462 422 -640 -22 10 563 -408 -934 -306 -931 402 -159 149 475 803 -785 -305 941 103 722 370 696 -641 699 -672 -584 752 -320 417 91 657 -848 544 860 900 71 179 -656 -628
-26 794 -618 900 -634 336 638 349 -124 -19 749 -205 -930 888 -25 -747 -552 -762 729 417 -141 -683 -374 -629 -611 804 769 -645 -856 -190 577 -81 155 514 904 857 808 -52 -911 -855 757 -260 -492 313 -999 -99 -864 744 -383 -75
565 501 -831 -187 182 -705 -587 63 -988 -959 -504 392 983 988 -880 -942 -595 -48 -74 50 -696 -129 -472 -77 873 599 -349 218 -358 492 761 -164 306 -836 198 -131 70 -281 68 -252 -8 870 277 138 350 -711 598 953 -152 611
-340 -552 -120 -590 -620 448 -19 87 -472 -789 340 852 196 -751 -364 -67 -371 -917 451 566 317 -688 -526 3 879 178 -222 -58 32 193 -555 337 129 -652 -169 215 -483 70 -97 352 -128 508 -73 816 564 696 677 -243 -755 -91
-423 556 133 947 17 163 848 -346 -38 881 -592 -619 -838 -392 704 -920 -794 342 -650 692 -786 292 510 914 -508 -367 298 846 521 -483 539 348 289 -358 609 301 901 316 -692 -139 -118 -67 -788 -789 -426 -43 365 713 827 59
-74 930 -225 939 519 -637 -634 978 -950 -534 -359 -903 -513 389 -931 -487 162 969 -718 902 606 -530 -298 -199 -376 -174 558 343 68 710 -115 -365 -218 -485 122 -599 -453 -842 867 17 163 -574 -552 344 -563 976 -995 11 -263 625
24 -658 -275 -815 186 -252 961 75 149 -309 328 -599 -530 -766 -438 -489 499 -380 884 78 -455 482 -603 379 917 986 856 855 736 361 681 -168 -963 576 -130 968 166 297 -183 638 -97 -979 930 -240 -646 138 116 779 -554 -386
-137 105 843 -64 781 -262 65 -210 93 -244 -530 193 506 571 996 112 -895 -118 645 937 -367 -358 123 652 -611 -894 38 -357 468 995 -300 931 730 -713 -565 602 702 336 -854 521 979 226 512 854 704 -484 -14 -898 659 364
-415 546 334 50 635 -640 120 998 -780 837 -554 682 -366 658 -236 709 -66 684 -28 -204 -530 446 866 168 -378 -806 507 -777 118 469 -206 -460 71 489 -822 656 116 -718 -77 -770 640 251 588 825 45 355 871 -743 749 -417
-350 513 -65 -554 -374 -620 378 221 -586 361 62 83 478 -814 -69 -303 223 409 622 549 722 401 -608 -218 -965 792 -178 -67 -84 -907 -993 -900 253 -208 -19 816 629 -489 456 529 -516 754 596 862 -461 347 716 -617 -652 -671
-75 -115 781 177 954 -215 -515 290 581 12 -800 373 -899 395 972 -436 931 -627 13 -475 701 295 -186 -913 -569 -68 751 -138 -530 62 -420 -998 -597 -236 287 241 29 -351 -772 -587 -656 390 470 137 533 712 -377 265 -341 588
268 -252 -385 728 -392 -739 422 588 -884 -373 586 -887 -256 378 208 -449 222 532 -253 591 -583 921 366 849 356 390 -624 769 -504 -848 531 -983 981 594 -410 941 307 124 -856 -231 -762 -430 -492 497 -270 -692 944 788 -960 115
874 52 -576 958 -897 243 398 196 -652 303 158 -192 -996 -946 -230 -792 -365 -553 -398 -20 728 -737 780 82 703 -57 553 479 115 -169 -440 -794 -942 645 436 -808 671 -879 -10 585 -706 -396 -672 382 -59 -734 220 414 -15 -93
94 761 -231 -222 48 224 -318 -520 -784 901 542 -902 -575 962 167 225 -347 -740 52 -418 839 -889 -158 -344 -353 -983 759 415 -456 842 -21 -761 -355 -684 707 -33 63 -251 585 781 808 973 -292 -613 -612 804 511 852 -193 -357
-2 765 -16 -269 -400 -48 835 -288 -382 149 187 801 445 -394 -320 -546 -909 618 217 -555 -646 -468 432 -377 467 -719 -944 255 -138 -753 983 -208 -851 58 295 -32 481 871 -27 -505 26 112 -701 734 25 107 236 -132 504 965
-721 400 729 127 676 -989 -921 -561 -351 578 424 937 698 -251 402 583 25 -960 -459 -586 -752 -129 -953 105 893 963 747 673 -310 78 -536 -190 936 245 -983 706 -175 -37 -405 -503 371 -98 370 -895 324 106 600 -365 326 -816
-145 928 -99 583 908 -659 927 998 -533 -313 166 484 611 416 61 -163 261 -237 -898 532 614 -246 0 -550 632 -601 -757 630 586 -970 -857 821 -13 961 -214 -887 418 770 504 283 -973 -588 373 129 -880 -993 234 95 -567 -958
319 -587 465 -62 222 -647 -726 532 125 -574 347 -20 -748 -527 996 -275 660 -371 948 594 692 -495 -606 439 -485 -551 -287 -217 -823 -889 -663 -943 -842 269 -754 569 -524 189 -746 327 -671 -634 -538 -422 376 392 -557 468 892 945
-623 595 367 -719 -857 -665 -570 803 825 -754 562 -468 -297 44 899 -81 -469 893 -14 -992 507 558 751 970 426 158 -988 -51 -521 -337 -949 -484 316 -959 984 84 -670 523 -207 985 8 130 -403 137 -646 -395 -762 37 -317 -574
-455 -590 212 -979 954 749 -290 129 656 -710 -260 -909 -304 411 -851 -92 -49 -451 377 -293 242 -211 494 -308 -612 650 -726 807 101 -79 641 882 928 821 694 47 518 -934 -837 991 -664 796 482 334 -426 -683 -903 -405 51 965
476 607 13 649 172 -404 173 237 -613 835 746 -402 -398 196 -531 -871 -523 -936 -857 305 716 -580 -846 109 -425 974 -231 521 -378 -418 -446 711 -820 829 -645 -712 -983 -747 497 2 -190 784 747 866 -950 -450 420 -495 -303 -39
-688 843 -164 573 -12 846 -222 -929 578 -703 -215 -140 -833 -855 -849 85 728 -389 -129 -744 -952 992 812 -4 -156 -599 457 56 -578 146 -635 117 -825 -130 642 -296 68 628 -796 393 982 -870 10 247 196 235 -29 766 -229 -769
-654 -93 -45 -122 189 209 -702 308 924 876 251 -542 314 2 -44 923 -936 -465 -243 567 454 -431 -901 -960 561 408 336 -31 479 -319 -873 -786 776 756 -724 986 -28 -432 -856 -592 -571 -82 -563 -384 -947 -283 -220 206 303 64
154 -972 986 -959 554 388 -233 -368 -936 789 884 -360 15 447 952 -34 572 255 100 -898 -402 139 -330 88 717 -214 411 115 940 284 -709 449 -897 -508 -786 -391 -954 -354 -929 -13 591 213 237 464 533 -129 -456 -860 -430 -377
-294 306 724 -713 801 182 169 -448 -843 74 -703 -86 916 -95 40 627 824 -317 -21 -304 0 228 -3 291 -334 612 -797 166 301 545 76 -825 -487 -858 865 713 560 158 792 278 650 -974 -403 59 701 675 -258 -732 315 -526
-650 -1 -344 -978 480 -741 853 492 393 433 136 -212 -331 -381 -410 -693 552 -742 -266 -448 -834 -992 729 385 835 -918 147 -18 -506 851 472 416 -268 -934 -808 -873 996 -757 -94 -346 -170 -390 -404 -587 374 283 -499 29 -464 -838
896 965 557 787 -89 -714 796 -359 488 -164 921 -594 -431 -450 844 650 338 -632 -508 999 -91 -730 -999 59 359 -382 -616 -471 940 95 882 962 373 236 -706 265 -355 20 -884 -646 -729 -19 -786 311 440 568 323 452 313 346
804 702 -546 -519 215 -63 342 247 -455 729 563 220 150 288 -452 725 -930 -267 -505 -289 49 -58 755 -750 -689 291 -273 418 -92 606 -375 -891 -521 -680 -408 -41 -872 -822 -700 246 -566 823 -613 564 781 -867 815 159 892 -852
-531 261 185 -580 -144 -90 879 190 -315 -217 4 -820 -655 -742 -846 930 -417 530 -19 626 409 463 -489 519 -441 923 -419 -398 169 836 -140 -997 -568 559 -400 151 -216 -801 947 -455 -768 667 -866 704 15 -157 970 -575 365 351
-260 -446 -151 426 875 315 -240 443 950 676 636 -663 76 -709 -949 -857 -92 346 51 126 -961 993 743 633 -802 956 99 947 -99 -144 481 533 -45 982 980 289 -926 787 338 601 -196 -562 414 -169 -85 -945 425 -923 -297 624
-821 -201 -834 -832 148 -353 -224 305 393 -193 -845 -284 547 985 -290 -650 -688 256 -974 -438 901 -685 577 -14 289 -975 310 141 -631 207 -721 -668 569 890 -240 -520 -779 407 -871 -180 -367 82 -924 -605 175 -191 989 -416 -374 616
-738 -186 -372 -248 -987 -166 -209 863 306 421 174 -932 648 202 -128 -343 -670 200 752 -441 -881 -374 151 793 -146 880 -133 323 -296 -341 -709 -944 799 -378 -483 -420 -521 -181 561 -361 -512 955 242 646 913 -657 206 -461 -418 857
771 -801 -34 706 550 330 -696 987 826 -226 -28 -399 399 -504 -872 -848 35 -808 450 -427 -485 -252 -167 -728 -795 -344 -14 756 106 -184 -297 496 -214 -56 -236 -820 146 -653 453 608 549 93 -244 320 483 778 -595 -570 -575 -169
-872 -382 260 -645 82 -114 217 -142 144 -155 88 -291 19 -871 -275 758 370 -2 -912 -949 -592 -335 -504 -598 -553 -897 -933 -996 -934 33 865 -794 433 -475 -764 -386 599 -263 -618 253 -96 460 625 816 -834 995 -624 174 529 -261
-373 102 501 844 -531 233 579 -954 298 -13 453 516 608 543 842 -895 -869 -955 -141 -847 279 60 961 725 -117 -938 -362 -407 755 -998 -771 -342 -632 -221 867 -268 -90 1 468 814 137 -467 -856 -78 734 -414 -322 575 762 -330
422 -28 -69 554 -705 -21 940 151 787 785 513 -776 -513 -479 810 433 -939 -231 861 686 108 268 -966 990 -707 330 -765 438 23 539 93 805 -942 729 -216 -883 -552 -462 896 -531 -11 116 -571 -461 854 -849 -903 596 -979 948
715 -390 -54 -442 -309 -300 662 -785 -791 834 376 -420 495 995 317 134 -789 -312 -189 -658 -922 -391 -766 424 -259 -672 -14 612 523 136 -463 221 -409 -751 -805 708 -514 -784 -635 -520 -941 956 -220 163 -861 660 544 -932 671 223
-660 134 -849 -9 774 819 430 422 -194 -866 -851 158 38 -547 -759 -623 95 110 -523 8 150 -763 296 521 476 114 -119 -292 627 -540 338 -653 -108 718 725 202 -373 529 871 -897 63 368 -814 783 685 283 542 -377 56 919
-137 -775 813 -366 -807 30 -453 -675 778 604 437 659 193 -452 642 -820 -399 -78 85 788 44 -318 138 739 -373 986 -603 647 660 -31 -375 -876 8 -950 -661 103 683 31 609 -9 -828 -157 51 -664 323 -983 181 -666 -507 100
514 0 238 387 662 704 -514 597 219 813 -230 468 -552 348 -863 -763 -430 -873 635 -258 288 550 931 858 -182 805 -683 773 -714 893 -191 -669 927 -254 -179 -44 873 -730 656 -650 765 -100 -733 -966 523 -77 554 896 -26 -814
-304 -280 580 313 556 -44 815 358 -394 936 625 98 -493 -786 -494 160 -170 309 487 -480 103 816 -263 15 866 -536 -32 -546 -947 -523 827 925 -737 153 -343 385 471 -408 808 971 351 736 -244 -671 -685 -10 208 -498 -217 307
-858 359 773 859 817 79 -753 769 531 -177 -421 -183 -935 -861 381 653 -121 445 476 391 549 985 518 234 -768 -492 669 -219 196 -505 791 -231 -189 460 261 671 446 -437 -527 -431 -655 664 662 120 -203 -482 432 905 718 -834
194 -850 241 -235 4 286 388 738 -566 30 29 893 -707 993 -264 -52 255 82 385 -467 -964 -431 -444 837 -876 -19 939 535 -652 187 386 851 -567 -446 -573 65 -619 -183 477 -572 -774 -839 -508 37 330 -880 -723 84 -909 46
-989 -808 46 -31 187 -152 -867 -593 -713 -82 -445 -92 315 -221 -951 -287 934 -605 -793 -542 714 -400 -348 -212 -805 -448 794 419 834 -101 -110 420 484 350 446 -273 772 -647 -148 154 -204 765 -357 -477 542 -182 188 514 -753 -397
112 466 -889 -290 63 536 137 -87 2 361 555 374 -84 682 283 301 681 -230 32 -338 316 196 254 494 -538 -652 996 289 -564 672 -932 -893 -382 486 172 -766 946 600 -825 -847 276 518 96 -252 454 426 27 -745 511 -265
-518 -300 -365 10 147 266 -374 766 572 203 -388 776 645 -679 -345 -675 -934 -870 153 390 616 -173 -770 349 32 -471 947 25 113 -591 -535 120 761 -306 -891 465 873 19 775 -636 -245 968 222 -985 -735 -879 563 358 -787 -749
-827 -34 -207 581 651 172 381 -46 753 918 701 -762 -591 -196 462 290 -473 -814 609 592 121 638 -519 733 946 -822 373 564 -134 662 -451 162 -937 -971 50 -907 -322 517 936 -804 1 -176 781 -297 61 76 578 -352 732 -331
-569 499 300 922 824 -182 -241 -26 -299 572 -400 -465 243 680 856 526 -547 -795 59 316 386 -872 439 -421 457 855 -450 -690 974 -971 -194 975 -111 998 508 836 817 112 115 -664 898 -535 126 -35 17 -317 874 484 871 320
-111 61 368 676 743 -522 131 -698 74 -433 -757 -653 717 662 754 631 -104 -383 -175 562 534 896 62 -849 -919 -161 173 369 -61 -101 612 20 889 -488 589 231 830 -228 790 204 -2 -437 837 -297 -566 963 386 -428 -299 -514
467 -650 -618 -683 139 -929 831 331 240 340 555 166 351 749 -742 690 681 988 -656 169 -430 -972 652 -864 -289 -472 -475 -727 -841 724 207 -482 893 126 -48 499 -145 814 774 712 918 -104 -295 -561 773 242 491 158 -665 -768
466 -59 -764 610 -971 -47 857 -208 226 512 210 933 -677 567 -137 -964 -906 80 754 -587 159 155 -151 779 455 -666 -94 263 -319 -153 726 -29 -649 -765 -976 612 -840 -131 -291 458 174 722 -956 -281 -212 556 -481 509 -115 111
254 -483 -101 -897 747 886 19 356 326 6 -753 -265 947 533 -893 892 730 202 881 -18 -395 525 116 908 496 -389 -559 -16 658 123 870 -535 -372 -324 388 477 616 201 647 150 -340 -401 -621 -886 15 -742 -307 331 793 -849
-656 -519 23 414 896 -625 439 352 -788 715 -458 -110 -212 -502 -699 -849 160 310 889 747 -239 -479 -805 405 -141 -544 949 -532 -124 673 -13 707 600 50 490 781 408 117 195 -732 249 -122 -100 -281 -178 345 -932 -434 -837 -892
771 -340 372 624 -355 -404 212 208 -296 -145 -86 578 928 147 -520 4 924 291 -237 -478 -602 385 -269 -229 -667 -323 -532 -932 -801 -839 298 564 462 281 -725 355 144 268 -185 -292 525 856 -39 -980 -260 -114 -458 125 434 186
-859 -805 311 -939 -774 -602 467 557 871 -208 921 423 697 -995 -653 709 185 732 -41 -657 -865 689 -748 -105 76 -985 -881 -930 726 34 -252 -903 554 531 -97 57 494 -500 218 -842 -294 289 597 774 -376 -581 626 404 -553 225
-150 929 128 -543 49 519 379 -193 -857 238 -201 672 -272 -141 -535 -562 829 -65 570 729 765 -266 -121 460 -45 -769 94 979 477 -96 -246 -842 924 778 978 -495 -897 72 165 429 -25 -74 -446 -648 245 265 -580 -992 -263 -923
885 127 -65 818 -47 -27 171 -840 238 311 509 60 -806 977 0 177 116 577 984 -561 800 439 -354 491 -823 701 998 -56 728 -456 938 -976 471 -300 -960 -71 538 -751 389 -64 -864 75 328 544 -450 -915 -297 -908 647 -860
45 605 -331 805 -734 -973 -210 268 448 16 966 252 -605 -849 -992 -625 44 -215 -742 937 -629 -749 741 -694 -430 -954 -699 267 516 471 214 12 -676 598 203 -309 638 -287 -464 568 524 -65 -172 -615 751 756 -950 -362 475 -152
605 563 -758 59 842 918 -238 559 -481 286 -522 -455 -670 727 -45 311 -114 -16 507 -931 -588 531 744 11 308 845 -190 -1000 -848 107 213 599 -139 29 191 -229 -838 -745 -70 -120 950 -178 669 -269 -248 10 -184 80 -819 945
166 -865 347 -305 793 784 498 445 633 -427 -498 261 -267 -984 -391 -825 281 -247 251 371 -848 4 -705 894 451 -336 -401 791 599 -292 -606 -823 396 -743 -370 618 -200 -151 637 562 162 -955 17 -789 -40 -877 -180 711 940 733
-687 377 -101 839 -998 -409 367 206 219 940 -814 -856 285 350 874 71 -785 457 34 276 -297 -886 701 531 -617 217 -773 98 -908 212 634 -423 805 -513 -679 -283 -820 753 -202 850 -497 -353 -599 -363 -333 -133 -758 -603 842 -15
198 845 -681 -847 -824 69 -771 355 -725 713 -768 610 633 -902 -118 915 140 651 -332 201 -73 749 -537 -155 284 -276 -194 470 -141 33 964 349 230 417 -805 783 831 -532 96 648 23 -152 -509 -705 -202 -993 554 966 -820 -958
-901 467 -20 219 363 766 -73 871 900 830 979 -871 669 238 490 321 -274 385 -783 883 -807 22 -372 210 -991 809 -810 -383 464 997 875 656 -557 735 867 -211 -780 426 -734 901 -851 -887 846 -917 -122 -399 660 658 981 745
-34 -706 972 16 -252 392 661 982 -778 804 345 -170 -439 537 -755 -263 163 702 423 -672 -638 445 151 796 -770 829 478 656 905 542 -902 399 471 280 -930 -536 -798 306 -499 -423 780 -85 -750 634 -19 -64 486 189 769 638
943 798 -591 642 552 150 307 292 -159 962 -751 -188 -312 857 92 -852 155 46 -875 -537 -507 -636 353 -660 976 140 -982 -947 372 514 -988 -211 -152 10 -926 601 -643 -584 500 -371 687 -664 822 914 111 -269 -789 -708 54 -83
-412 -697 -384 100 737 -491 -931 -668 -105 -322 -706 -752 -921 -952 -35 818 -214 511 -441 404 186 -55 -714 -557 459 476 203 -196 216 -742 394 -993 -411 -481 481 -693 945 -975 -3 515 -843 -543 776 -837 82 -304 -552 -61 -533 -276
335 860 722 855 352 -757 -197 173 830 793 994 711 -199 60 345 -971 -116 895 509 -428 859 39 449 -995 233 244 452 355 -420 705 -924 -873 -143 -710 -991 -163 -73 533 -588 -704 -459 -533 804 742 871 -364 -508 145 637 703
-736 73 -645 607 308 650 155 -68 448 666 409 -257 641 88 -639 695 -72 542 112 -108 -622 -910 460 331 145 -837 118 760 393 -576 528 -635 -754 -366 848 -120 -751 203 -200 858 272 213 462 660 341 -591 -446 -497 41 -831
515 114 -827 641 -148 -486 54 -999 592 372 -888 -880 -878 977 -134 782 939 -411 990 519 -885 101 486 -419 -471 632 472 11 392 175 514 320 -311 195 -795 934 113 177 -737 226 -803 853 -831 465 679 198 -792 197 -219 78
249 593 712 -236 646 471 -794 878 898 223 198 -435 -11 20 213 -295 636 253 226 949 504 187 834 -452 -462 -955 -671 -650 340 615 -790 -829 119 983 -899 480 -864 199 -265 -413 -825 -683 -985 288 -983 25 739 684 -745 424
-995 -192 428 185 985 701 -648 -264 -852 82 -292 460 -517 -12 337 -344 149 -755 -810 -645 -949 357 159 768 979 -28 665 368 -455 5 372 -943 927 577 -131 318 -575 347 261 827 -69 -231 197 -303 -53 257 137 315 126 32
-259 -767 541 -370 557 -402 765 269 451 257 825 -147 443 648 951 879 934 -415 -171 222 883 784 556 285 395 283 -995 478 -227 102 -835 -106 -446 235 -715 562 704 999 692 -729 -350 -889 565 936 730 -398 804 -674 -832 -175
436 -91 507 186 841 -893 743 -639 -527 -30 -95 592 250 408 -983 687 619 -905 814 680 164 -395 8 248 559 -870 -464 -435 362 -170 -917 -661 -989 -482 337 -884 -496 813 -422 448 -847 -36 804 330 -120 232 538 258 944 431
[RUN #2 100 10]
-118 -205 264 -422 -568 -640 -553 -146 -193 -127 261 -96 75 71 -638 -254 -575 -716 939 -709 929 -737 -43 -942 107 -702 -470 448 -696 -668 375 660 -744 -246 -718 913 -544 -741 -495 -10 -521 -144 -537 741 -914 -999 -457 -322 759 -208 613 -274 -587 140 -412 938 638 -419 664 852 827 -550 -458 -201 325 -577 974 764 -776 -68 -429 -863 -973 -319 -228 -291 441 290 61 866 -13 -179 548 662 -915 595 -987 145 -749 479 277 -83 601 236 928 -680 -221 -531 -891 -750
226 -408 -522 -574 840 -217 -484 570 375 574 -287 107 -674 339 960 -764 70 708 148 59 788 -391 -823 774 789 778 216 -805 -676 961 -721 -168 -719 85 516 -560 373 857 -672 -548 -846 666 471 110 -884 335 69 878 -567 197 -476 215 660 998 636 -337 440 633 53 353 220 -842 -265 640 -303 480 360 879 -643 -225 -793 -112 824 89 279 9 6 142 -951 -465 786 -943 -769 -590 30 -685 -856 -989 -969 -837 -717 980 -520 -345 801 274 -773 548 -650 342
-412 -664 -946 -974 155 -997 799 824 -510 869 -244 -491 -904 -570 563 31 -825 963 -952 -112 387 -456 -610 179 714 597 355 997 105 -365 -532 530 -724 -637 -587 658 233 933 -28 977 769 -471 -959 90 999 -7 -542 -822 198 -685 339 -165 -319 -977 700 -339 -408 793 -358 -111 -872 156 -89 -766 -991 -430 -67 -940 855 -995 -94 608 365 -639 -168 766 -92 393 -848 168 -173 -31 629 -170 820 -392 -62 422 595 -359 523 624 816 -137 879 950 -417 -929 80 -515
-733 674 -496 915 778 -924 -825 -142 633 610 -57 -119 546 -214 173 -854 -253 -959 801 -9 -472 862 -467 -293 -509 878 -637 763 599 148 438 354 -239 -645 281 -167 475 927 -95 -757 -988 -758 170 -853 -170 -451 -884 595 -123 -569 -44 538 718 -367 989 353 -812 -665 -719 -693 -268 -332 -263 40 -877 866 -595 727 188 678 -264 -391 -767 -592 802 656 -736 605 -250 -558 278 324 551 -648 -526 -182 -180 -513 832 767 -235 -448 474 556 91 -417 229 52 499 -916
528 764 -814 451 186 207 193 -263 -641 -367 136 -878 -532 440 578 921 91 305 25 -573 -937 -77 797 -293 608 955 -721 -958 634 709 -495 857 -79 504 -912 -275 277 130 -64 -451 -395 -777 428 529 695 635 0 -767 859 -489 30 -380 -454 113 -359 662 849 390 169 -771 -773 -538 916 -620 -261 79 991 -13 29 -710 -706 735 -867 -724 -916 -637 661 -40 456 -843 280 371 -702 452 -616 972 585 -891 -599 827 -834 -618 -475 927 874 -545 -872 -515 -716 -344
-943 -526 -359 779 124 510 -231 108 -305 799 -142 634 193 -84 -486 629 914 -897 -702 -714 -657 -159 -110 -551 472 -178 -567 -744 501 -454 978 -456 -707 -302 -660 -813 -895 -902 -693 -758 -252 985 496 448 122 662 -545 -274 -562 895 -121 927 -722 -453 -529 322 707 -190 304 -557 120 901 619 -96 -896 -511 990 -646 -666 818 445 793 699 -470 -496 -683 -946 -366 660 -225 338 -329 -75 104 297 -2 888 336 295 86 -167 393 -655 -797 715 -768 551 -636 -515 -967
406 36 722 -749 -516 -625 479 261 -522 -530 -283 -259 -806 -248 301 401 838 515 608 -779 -535 723 -295 568 269 -224 811 -499 -81 449 -788 -28 -770 -189 820 866 -869 898 725 -114 -102 934 305 -895 156 256 22 -287 -325 -207 998 933 -386 831 -335 416 877 844 -503 926 -794 -947 615 358 -587 590 912 -427 468 -935 -5 -883 -216 -520 354 -721 -699 903 -802 -606 -118 205 650 513 -901 -366 -541 -173 -66 450 -538 -556 -989 -750 533 497 324 138 -940 -324
-395 807 466 -295 -8 -760 -692 243 479 821 305 727 90 249 -544 74 838 504 328 -543 977 -552 229 -990 381 -600 -312 296 772 -773 114 301 920 636 293 -917 -436 1 -882 271 312 175 747 658 909 -733 52 -634 413 564 -715 -143 -972 -123 477 196 472 -340 127 -772 -116 718 -457 -997 557 487 424 -415 -283 17 -68 -424 -259 878 -271 -19 739 -954 -434 290 -918 170 354 254 621 778 -95 786 -487 -640 -931 -373 -854 -558 216 956 -506 978 460 -682
736 -39 6 632 -567 -594 -121 -412 -347 925 897 -448 829 -859 -891 45 -341 -957 -145 170 -548 -450 993 212 526 -922 60 813 63 -629 18 -774 -338 325 -613 -979 292 596 -643 -413 844 201 -806 20 154 952 702 733 -337 -392 -500 229 565 -457 -404 -108 627 -218 -263 121 581 512 481 77 -798 879 613 901 449 -885 441 -888 -215 500 -478 -606 293 -59 -400 -281 310 -542 -759 -961 -632 127 -996 -304 378 816 57 -17 172 553 -276 917 580 720 605 -639
861 728 -669 784 171 770 -377 -852 106 266 760 -207 -161 771 -183 325 -495 -180 460 181 -392 -324 -477 -168 586 908 -257 18 -269 88 -653 140 646 -142 -63 -27 -72 -578 -804 489 -821 -833 240 -182 781 558 -280 192 -306 291 488 -766 457 101 655 -827 -682 792 -858 650 968 441 -630 26 269 822 909 887 203 -150 -726 -104 -301 -676 841 343 -383 634 -44 409 -905 189 232 249 -866 525 -977 -126 739 570 642 870 4 680 390 -916 -515 -783 475 -923
[RUN #3 500 10]
217 727 620 -629 -32 250 -902 -973 -863 -936 604 -596 -877 -526 486 -166 -856 -774 -126 -830 -536 748 501 -92 -754 -69 679 959 -970 -591 -241 -122 565 954 382 890 -955 651 -921 605 -586 -461 -442 549 603 -414 330 -177 -562 -303 370 173 -31 830 -314 -181 87 437 -197 307 -343 -325 357 672 623 578 398 532 857 684 127 -437 -699 483 901 200 526 937 -780 439 811 -420 -344 -644 -499 107 46 2 747 -708 621 425 -297 -855 -456 970 -372 -651 505 -896 -595 -425 -281 -917 283 -705 447 298 -881 -500 77 139 664 514 -806 509 -429 850 434 -25 -91 667 -519 -317 843 -195 997 995 -504 453 367 712 496 815 182 -470 839 338 -789 -17 -113 929 -565 -449 -9 259 -911 -475 974 -329 10 -160 381 -137 -597 694 -356 -954 -282 69 -702 -427 -46 -946 708 927 568 -842 572 808 336 319 818 24 -486 123 350 458 632 63 -782 531 -379 224 -467 54 -788 -912 731 369 121 389 630 -688 211 -514 -532 -268 903 982 -785 -283 -422 -820 -616 -741 -823 -413 -839 -390 -915 591 993 379 444 877 -813 -264 257 -162 -787 282 518 -655 -367 -880 -39 -105 973 -142 -750 384 544 564 -57 520 -567 -246 -191 833 -890 -487 573 828 817 101 -551 -185 783 622 -663 539 -857 -939 -163 170 -207 759 156 685 300 -249 -550 -164 -75 -294 392 -704 -188 -450 143 312 495 -864 -198 -240 -196 414 -716 606 73 979 -824 746 590 -389 -276 756 744 837 178 -18 -849 -538 615 -854 56 983 -489 285 129 -531 -11 -683 -24 66 749 133 -415 110 985 841 -289 895 -65 945 971 -799 898 91 83 819 -783 648 562 -244 702 -223 -533 722 -814 -78 -104 438 920 943 43 -713 -873 -558 -483 889 -684 -932 683 0 790 -333 -352 -103 -630 -120 -192 -152 -967 -301 -45 655 -199 291 -332 332 161 311 -407 342 144 -959 -183 -382 -355 596 -698 -577 -901 -373 962 791 786 -216 -193 -926 454 -982 -631 -235 -613 472 -421 863 969 -604 -667 406 104 149 51 639 -509 -271 395 365 -733 871 804 42 -237 -966 34 844 952 366 -885 716 -308 -843 -692 -179 -960 552 -399 886 -360 6 687 -50 -764 -920 -992 -131 -908 378 831 816 201 -622 -14 -210 461 838 114 -810 -507 18 -454 503 -473 -916 -654 -391 -443 -563 400 -378 -831 355 190 396 555 -433 -726 666 299 323 894 585 -868 399 676 556 -797 -756 870 335 677 616 -53 109 -30 -377 263 380 -187 -980 650 -641 -144 -540 -387 -751 644 247 866 67 412 -145 4 -753 543 -580
-508 -72 -644 454 -542 -544 -602 58 -853 260 -307 543 -960 880 372 -339 653 -827 -613 -548 -875 -562 923 714 952 412 679 -20 -354 -386 7 482 -871 63 455 44 -591 -697 -615 -63 926 816 -755 478 898 -487 -523 -759 -784 159 -948 266 442 -313 -941 35 251 105 -757 -950 189 -236 364 616 860 876 986 328 -34 -922 678 -479 -29 -148 -955 -95 -745 736 -936 -253 -891 -251 -461 -876 75 943 -293 -371 347 557 558 -645 12 961 588 -452 -575 -344 682 -505 420 935 -225 -627 715 1 -400 -471 -152 -580 -639 -276 249 919 202 -434 -748 712 901 431 -128 378 -678 760 -407 -658 -599 844 -45 -739 239 916 905 -417 -685 733 796 -671 903 513 992 23 46 -484 664 884 -768 -699 398 -637 779 -727 699 940 430 613 -692 866 877 -3 384 748 882 336 -259 -241 596 -180 108 -51 -396 -429 -48 512 -390 -825 290 -303 -311 965 -601 -518 -193 85 -377 -277 921 -28 -54 135 -488 706 -666 -521 561 -143 872 -689 -909 734 -906 -478 -399 -943 -81 910 -554 45 402 -594 548 -38 833 -424 -747 460 745 -458 89 441 394 660 622 -457 523 -245 709 -174 659 -346 -920 571 955 200 595 692 -146 964 -595 -551 -286 52 509 817 426 628 808 538 -299 -123 806 404 680 897 434 252 -403 313 -970 950 -2 -456 397 -587 36 280 323 575 934 227 318 54 607 -186 68 -310 562 214 -450 359 -92 -903 -918 -884 181 324 -91 -529 440 -8 -619 208 433 76 612 741 726 -905 293 621 973 -495 -462 917 -809 493 -359 -55 340 438 892 410 521 -105 309 -623 -118 -472 -138 -509 979 444 -973 346 -109 417 174 -192 -453 204 490 267 14 -841 -233 225 798 619 -789 308 141 667 -617 -555 379 504 -897 900 -353 850 31 -520 586 279 -846 -24 730 -247 -412 169 -655 -404 453 686 -845 -278 10 73 499 -625 -848 -930 911 949 98 694 -946 222 254 576 38 -323 -266 -318 210 -976 118 -465 -460 -153 81 170 -803 310 -646 -274 875 839 244 -640 899 246 329 50 477 776 351 429 -378 -711 317 377 -558 763 -10 578 -919 -237 845 109 945 -341 -114 -773 -89 102 -807 331 245 -198 47 77 671 -902 -144 167 -69 743 -113 190 -393 747 -242 775 626 542 647 -545 646 -860 -232 -730 -209 -15 387 710 907 -810 -402 -31 -356 789 752 -90 -817 -211 443 -365 721 959 854 258 -957 -445 156 307 436 -389 -336 -837 -714 300 -851 -130 -409 457 154 369 -345 -998 -363 9 -283 862 713 -171 511 319 684 56
-236 -74 -668 -329 212 -365 -914 -911 -185 124 942 -707 391 -794 154 -640 -204 925 54 680 -290 -881 516 -430 -158 -715 -398 -689 940 737 -546 847 -461 91 -573 -736 -833 136 726 5 187 351 -666 -798 735 953 -93 -875 -307 119 126 -165 295 -734 -567 -176 -102 -283 -864 746 -960 205 687 155 823 250 696 -983 298 70 975 -813 -872 368 -356 -143 -548 -844 -458 268 -563 785 575 -320 -71 -975 -209 -218 -992 -934 667 758 63 -614 -941 443 161 -713 -624 43 263 -711 -594 831 -295 62 226 -542 145 -904 -913 -132 -136 688 318 -454 -154 238 673 705 836 26 645 167 470 -918 -892 -437 -663 -897 321 11 931 380 413 -492 -275 9 654 -639 182 -227 146 593 544 -35 -181 -493 494 -580 271 802 713 -656 903 -273 -944 -900 951 76 -653 217 -590 -676 415 570 788 -446 -760 -658 -293 723 369 697 -791 657 896 -578 319 -489 -646 117 -788 -855 363 -395 -117 -280 -172 -860 -56 440 342 812 -421 -849 392 796 421 -495 -701 153 -119 -959 52 -923 917 -690 -582 -339 -952 615 579 -380 868 555 922 859 302 -444 -436 -787 616 549 -336 -83 692 766 -303 -826 921 988 596 -343 974 445 -276 227 970 -262 580 -858 768 -986 834 -478 437 -206 253 -488 152 143 -652 -743 -748 -308 604 328 -237 489 -695 820 -485 451 853 -753 957 -242 -637 -161 -949 -92 720 69 267 535 -506 786 848 884 -399 48 21 519 -25 232 -167 -604 -429 924 -215 -214 405 235 -922 932 602 383 -687 939 -300 -361 -211 -589 138 388 -202 -207 -916 808 -867 -105 -45 -494 -285 969 -195 367 703 99 534 214 -330 177 223 -68 -251 -731 309 -42 789 -746 -762 313 -825 -2 -252 500 655 -792 871 198 -888 -194 -770 714 -258 -403 704 -141 685 -708 -835 -662 259 -491 88 -409 -381 -901 -738 -951 -893 -189 855 881 698 -21 809 -928 -197 624 649 374 -386 -37 864 -970 651 934 618 140 -964 254 -443 -694 -205 967 18 -533 656 233 436 -39 -824 -367 -890 829 564 -799 -125 -482 742 -704 -517 -937 -538 509 652 846 -246 935 -490 552 -89 944 -278 537 336 961 -326 647 956 428 695 700 -847 -306 825 -233 -311 -12 142 912 985 -732 -603 -75 468 977 752 -328 814 -139 -950 -998 -957 -958 45 381 578 -878 -20 -969 108 -264 -598 417 -447 984 324 539 458 168 -428 358 -921 272 -561 -10 902 582 348 669 -511 -765 538 701 877 -433 -838 -750 429 -304 -633 -34 77 506 341 -717 -915 -476 708 584 -899 407 -40 913 481 -331
830 740 672 -750 -139 738 862 -589 695 -861 -161 741 -585 -403 -15 137 -801 189 -127 -451 616 -810 297 -618 -85 -777 -395 -999 -227 682 348 781 -78 -220 -357 887 -242 994 -249 -917 -14 797 669 -443 -905 -372 245 -108 510 965 -701 833 713 -820 286 719 263 -275 -583 982 -606 150 -755 801 580 -55 337 -538 -813 645 204 586 850 -734 615 429 -816 -650 -967 -706 -9 -348 149 -385 -421 793 878 540 53 -530 -86 -525 378 934 -457 -16 12 49 284 -484 635 765 629 -659 109 973 688 658 -473 -836 -235 282 -5 -312 -8 -795 948 41 -135 117 -823 447 996 -548 -613 434 146 -27 320 289 -802 -306 -855 -733 226 -683 -891 -138 646 525 546 387 666 -826 -906 863 -52 692 -69 -979 -709 772 386 215 804 -399 -929 247 -646 253 -377 603 857 745 218 904 -977 763 302 -70 768 374 -740 -588 255 -110 -923 153 897 -140 114 440 383 679 379 -193 311 -941 -623 -79 -43 -910 333 -104 -13 778 981 197 262 -166 -364 -580 134 583 -316 296 962 -611 -221 -402 -483 -899 96 644 487 11 927 -98 357 -955 -643 -911 -429 -374 -858 -563 961 421 -986 -834 303 -180 -432 437 480 -878 -146 575 530 -40 589 367 -174 -549 362 -502 43 562 -93 329 494 268 92 592 -284 -209 1 413 880 488 393 792 267 291 -336 834 638 -337 913 847 -29 240 -219 -460 419 205 -65 -152 594 -901 770 -704 -666 868 527 341 788 -804 138 553 -717 -645 360 -626 598 -350 -501 -268 -380 -12 -658 -323 304 865 -867 -730 -390 922 -739 -248 -578 130 715 -735 -168 -915 923 257 706 274 -72 451 689 111 314 710 -506 944 -990 -267 -228 -291 637 -487 -543 -904 212 -444 285 708 -791 -265 462 657 336 -993 78 -771 -185 569 -894 802 -397 964 -984 233 860 -1000 942 122 -682 -428 30 -884 -954 -768 798 275 985 239 896 361 -194 -819 -442 -124 -945 512 972 -677 548 347 -273 -415 -590 264 -507 306 -766 -794 -883 -333 737 19 343 -251 -684 -87 -844 -638 -625 -661 -980 84 905 -37 -814 -288 507 74 -229 610 -822 -540 716 528 -349 549 -663 735 -678 -217 -500 442 910 395 762 866 -426 456 660 221 -280 -680 110 -863 -966 23 32 194 -982 872 -223 -738 334 -468 -859 193 161 448 99 976 -99 178 661 -722 -182 261 950 998 -396 963 -846 67 -56 -31 81 -788 957 -612 -566 350 -183 777 -355 932 -951 859 -503 -76 690 95 -463 -653 -523 -617 435 705 200 783 -921 732 -886 206 -310 683 165 -392 -908 533
-425 -678 402 -972 -591 575 985 363 -943 936 988 -683 -608 -354 -726 531 -89 636 378 -155 540 227 179 224 932 955 792 -230 431 -33 -960 585 -386 -439 608 79 -113 587 238 -444 -77 947 -618 387 -614 -743 -869 -509 436 880 -49 -280 -264 108 230 591 -580 -521 715 -801 -868 -438 49 215 -645 971 -409 345 777 96 -684 313 458 -914 260 958 -783 -322 419 -128 278 -141 -339 740 -811 -534 -97 85 -168 703 -167 -850 481 384 -852 -565 -381 142 396 275 -727 0 -223 754 -837 -933 415 814 912 -965 -481 -42 -594 134 98 779 33 -753 -674 -577 202 655 228 -289 -666 -406 59 993 71 273 654 302 882 -385 317 35 -493 335 81 592 -927 483 -661 577 -143 769 -448 -825 -177 328 117 -395 -361 62 -311 449 -428 -86 205 -204 400 538 -813 112 -181 944 796 -974 623 251 -585 -95 874 -475 -112 -796 683 -266 661 -114 -780 -72 -846 558 -102 -649 -596 -69 287 -797 -7 580 410 828 338 237 -360 886 917 559 -455 999 822 -709 -940 -238 653 612 -732 -62 261 -180 169 524 -677 -962 -860 235 997 -538 -75 309 -817 -109 -275 -308 -393 -13 -767 171 -71 -710 121 584 517 801 182 -871 342 -300 354 -231 716 -529 219 607 -494 -433 -695 393 614 -736 -376 561 -92 -961 277 -292 394 -835 929 826 185 -68 824 -293 297 109 406 -607 40 448 539 -263 -625 852 -563 523 -356 581 812 -412 923 -672 246 -189 -581 296 -303 -923 632 -864 695 291 -265 -430 207 871 -301 793 -595 -188 -261 -325 -975 495 353 756 704 -104 -603 -61 479 905 23 95 181 280 868 -165 529 404 -711 -434 -149 84 -501 -636 -46 160 91 710 489 -271 63 -84 274 45 162 16 -207 325 -279 293 -525 -20 -368 -719 -916 -977 -895 -859 321 -772 -828 -680 69 -676 818 -528 -921 821 262 -774 -485 464 322 -924 -963 -327 922 435 48 -272 120 -453 -411 -28 -249 -400 -748 -329 983 -52 99 -856 -919 -718 770 -816 -896 569 407 -908 -417 881 722 -703 463 -945 -633 -296 -857 -79 -552 128 594 497 -549 843 519 18 -342 -122 669 -635 659 350 528 487 -94 634 -848 808 -182 152 -892 -129 -639 -454 718 -277 424 -151 87 89 -793 -698 -508 -912 681 782 -392 -67 311 67 9 -983 698 283 31 337 -211 -364 -642 637 906 414 687 -842 -999 -763 456 -634 564 -50 -374 578 968 -832 357 -931 -540 -482 443 -367 310 876 598 -377 -584 -323 -686 -812 12 107 176 -505 918 -195 541 768 -161 553 -127 -756 658 -590 -682 -235
-693 571 -200 659 -800 -997 618 -548 291 892 491 742 -829 -652 -5 785 864 368 -439 427 -632 -860 221 256 -856 921 -500 374 -37 -819 387 425 -384 -541 101 956 -670 -227 -89 838 -877 -245 -395 493 869 -563 593 560 390 439 412 -296 -73 -86 358 811 -70 -903 -624 537 -617 62 -217 702 67 -49 163 185 -980 267 -306 -777 122 456 551 547 477 -790 -125 668 -192 -186 452 807 887 -585 -336 758 152 507 -259 635 147 490 826 613 -435 -892 910 -415 303 -320 939 516 29 442 760 -191 -571 -992 208 913 249 -637 82 338 598 754 532 142 -362 418 -607 619 636 -929 -942 61 402 884 400 -792 926 745 -763 -638 -840 133 87 86 204 753 277 13 752 -955 952 408 43 349 -672 -446 -106 998 378 71 -511 422 -897 -255 -756 306 -425 574 170 692 -27 84 -30 500 -761 703 -380 78 469 95 -865 449 -470 924 567 275 675 450 -958 767 -78 -914 380 -274 242 145 419 909 -471 -609 -180 -28 990 975 -984 -348 885 1 -204 719 671 -780 -775 573 433 813 336 54 850 -852 693 227 -660 -786 -343 446 77 97 558 -999 897 663 -502 569 -927 132 47 -176 -388 -646 8 85 712 699 -19 -181 678 238 -233 -888 -808 -211 701 -520 554 470 -550 959 -690 -537 269 555 596 630 -364 -913 -849 -993 738 -98 -551 -434 -801 -361 797 139 -727 21 -802 55 -401 -610 759 356 -371 -560 325 -904 24 -443 -292 -430 691 359 -256 -456 76 104 -249 20 -421 37 -793 245 261 651 -722 -739 -52 -224 -533 -911 287 -202 174 -454 -806 583 936 121 -902 -367 -658 832 676 -210 -536 -982 -597 -501 -729 831 822 -943 345 -349 499 -64 459 330 -119 -467 484 229 376 100 -133 -7 614 -974 -438 519 873 731 -567 810 -510 629 394 -922 713 317 739 -723 669 -518 -201 36 610 -851 -391 -232 856 -648 774 526 -759 -83 -100 -545 -575 -546 -298 -329 -453 453 -579 74 -138 96 -457 829 -558 -917 784 768 586 -199 734 -136 899 -269 65 994 -378 -671 -215 709 -34 -695 833 217 824 309 -626 -31 783 999 716 698 965 -619 -418 58 391 -82 -891 -10 -964 -107 153 264 -764 -709 -485 181 -376 -375 820 -25 -564 781 -635 -84 -108 880 644 17 854 670 542 580 487 189 962 541 966 -554 -495 -787 474 219 179 -145 56 591 -479 -477 696 -389 531 183 -875 -63 736 -278 -691 882 508 -111 -643 627 -951 918 -183 743 -322 42 877 -147 845 88 -158 -115 -879 494 -599 -944 255 -394 246 -260 -442 525
219 -490 329 -612 -203 -49 558 480 -918 80 -85 -735 -939 925 900 177 -89 -483 865 846 -315 -888 -875 821 -579 202 96 -909 470 371 762 -927 -113 292 33 -633 -152 337 -795 185 524 57 117 -868 -570 731 -138 155 -449 -582 -861 884 825 936 -344 -944 -974 84 674 888 -801 -914 398 -121 -676 -399 -865 382 -262 619 -962 922 -935 359 -384 988 295 -992 889 421 866 -478 563 773 -776 -252 989 -648 951 606 594 -82 273 902 -572 -757 -53 633 737 919 472 -480 707 682 -418 5 -603 -931 -447 -598 -189 672 929 -326 -282 -351 -92 8 -957 -805 -33 302 841 782 657 217 945 -516 -217 -703 504 -231 521 -975 906 395 333 -523 -437 -960 517 -459 615 -267 -276 630 -693 -852 -726 -554 -872 -820 -596 514 -362 388 428 665 -558 -854 -584 941 -684 -221 429 873 209 559 739 -301 120 -470 -79 127 490 688 -791 64 644 -162 -102 -264 -563 -593 304 907 141 416 -352 892 411 269 -253 36 -850 647 -462 264 50 -387 526 40 583 -242 441 -993 604 -140 -517 926 -142 509 698 649 589 130 -488 75 -560 58 -785 -325 31 -874 257 671 -374 970 -475 -994 440 -295 282 -657 -281 -356 298 73 651 771 982 542 97 46 901 -688 444 -314 -1000 479 -426 170 -775 147 -376 -275 -681 163 -348 -165 -938 -245 -392 456 13 -889 317 -377 667 -222 -117 858 -602 743 90 -420 -481 -56 511 952 -531 859 21 822 -308 814 427 -641 753 -485 373 -380 -513 -695 160 807 -893 918 632 -721 -965 453 326 568 -655 68 -458 -167 -748 -100 -366 527 -213 519 116 -57 -678 78 477 -519 529 -810 -225 -389 350 828 424 -76 -298 708 -214 -157 -501 786 -246 -433 -794 716 997 179 677 787 748 613 -181 763 119 222 -296 -208 754 -51 668 30 949 -851 -385 -247 940 485 -484 -466 661 -176 254 837 878 -898 -183 159 -550 -520 611 -299 -144 850 -489 -829 -777 -745 433 140 49 -21 701 380 -589 860 -304 908 -271 112 881 255 610 -442 -619 602 864 659 -18 23 -696 322 -288 974 -172 -958 372 -897 -187 607 -773 154 953 106 -402 -477 -744 -562 -855 894 -106 -556 -19 -594 -625 -425 -515 452 -863 320 168 869 -853 946 -679 -69 345 -227 291 -890 178 474 842 -509 785 910 -472 -504 195 909 165 -922 496 512 48 -91 -811 -155 19 839 230 148 -205 166 -885 947 365 -457 484 871 895 -292 -136 -354 -828 -34 156 -793 817 137 -983 917 -991 727 -587 -3 680 -915 466 14 -464 285 -237 -364 265 169 -971 536
-758 -630 257 693 -169 124 -558 712 996 -249 2 920 116 -902 -692 -398 340 890 339 -407 475 152 -417 780 227 64 873 849 409 620 728 -27 -771 -19 -239 -199 739 526 -820 688 -704 90 -903 207 -948 533 125 831 646 607 -156 -923 -135 463 -53 -809 -875 208 178 385 801 -57 -33 -726 -565 -592 379 -812 -46 -60 -52 278 -673 437 -683 947 558 -12 -349 -230 -975 -775 -950 3 -371 -119 202 -855 89 698 805 331 -824 416 772 -40 -576 503 329 307 147 -574 -516 790 160 223 88 498 294 -110 72 903 352 250 879 188 -63 -688 319 748 -10 -115 -899 166 246 356 491 113 749 819 25 249 -261 653 -125 -431 -409 -800 114 994 -685 -751 -408 -747 -547 -380 -581 -364 -509 -806 792 -89 -202 -455 -766 -137 -736 559 933 -676 634 502 371 -488 262 -203 -160 604 870 666 -210 -226 235 -776 578 493 -522 -639 435 980 -497 965 642 -383 675 -145 -251 -219 26 931 -293 -300 -833 -769 948 888 -179 548 -817 887 181 928 597 -370 -326 -731 -71 727 -374 165 697 100 814 -420 631 -844 471 415 175 -386 -248 12 -569 -532 514 360 768 -827 -26 -325 -484 -42 949 -467 -177 310 154 507 975 -323 -555 354 718 616 957 -476 -953 564 802 -49 -898 -816 -361 -931 -246 -881 892 -450 -9 629 -456 -98 874 -628 999 724 193 984 417 -741 745 550 504 -995 565 -813 -871 70 769 254 -117 516 -284 -604 104 -562 206 313 747 -924 332 -624 -568 740 -674 210 811 540 539 -315 -739 -625 -631 -832 -11 -633 -424 -454 -272 455 575 851 649 866 17 -933 945 -352 174 159 960 481 -788 638 838 988 -575 808 -204 940 -151 716 330 910 430 -220 -6 -131 -196 -459 144 -678 -146 -353 314 260 367 932 111 -671 209 841 0 -471 150 384 15 407 551 -654 600 496 459 934 581 -161 -724 779 -609 259 -822 -85 -172 157 123 478 480 226 487 -316 -785 -485 753 -615 461 -496 129 -359 952 -440 38 -662 -546 49 402 -270 452 -513 -940 878 -608 -998 -807 -796 -44 535 440 -605 76 758 843 60 240 -867 14 -308 669 406 -306 372 -829 -22 -423 383 639 -350 734 756 -414 -577 81 632 545 470 -753 -957 40 -529 -198 -858 610 -982 -939 390 -158 635 -346 816 -554 308 -534 -489 392 -528 -916 585 359 18 169 -447 106 410 -840 495 -126 542 -583 -118 570 447 96 522 943 -925 -937 264 -909 328 479 977 -479 963 505 895 655 -733 -495 -227 327 916 482 -140 -921 467 29 -108 -356 244 902 -551
365 382 292 -536 -447 -241 237 847 490 212 607 890 427 172 357 423 658 -225 -568 94 -830 761 929 -612 523 61 -625 347 -734 -160 -131 -37 762 59 757 -674 -347 211 -198 -549 50 645 -895 926 601 -31 -14 930 -174 886 637 -236 482 -515 720 -806 652 265 -882 -433 744 996 526 633 -590 -436 -518 -959 518 -525 -61 823 351 737 -55 404 -871 -860 183 578 -555 572 -369 469 808 752 328 797 17 72 -556 541 -187 251 754 -87 45 -864 576 -451 743 -672 -232 -598 -470 852 -78 520 450 -217 860 -932 -636 412 -186 952 398 -845 13 -880 -428 -911 184 324 232 -933 -122 -849 257 -621 -850 210 -560 303 -67 985 891 -586 238 -863 760 464 -516 -184 -13 727 -456 650 -152 -862 445 843 125 987 -696 -300 78 83 -701 -58 28 23 -954 872 289 -837 506 -735 696 165 -576 358 -414 -80 -137 278 -330 -163 799 -16 -220 310 -373 322 642 907 -504 618 -167 -777 -738 -727 -97 160 254 489 -262 177 -422 846 -756 690 180 -57 -960 815 -43 179 19 956 318 -881 170 -393 -564 452 -170 661 31 -751 327 -885 546 -994 -977 692 844 -552 162 802 -831 -903 385 -112 718 -49 -377 -744 -466 -410 492 -169 -780 203 792 -640 467 702 -801 -826 -787 -105 897 8 664 -914 148 99 500 -434 57 -865 204 65 867 -955 -596 -704 -359 -789 630 -400 634 774 436 -298 219 -544 -629 557 454 -675 -539 277 258 176 -413 -905 -39 -276 728 -441 481 -858 600 -176 -785 -578 968 -771 -419 831 722 -680 791 -344 545 507 34 -465 -94 -114 819 894 -199 231 244 -810 540 -126 185 -924 848 937 -333 673 329 -366 336 -943 270 66 -788 -988 640 -129 -709 -355 -962 751 -500 -676 789 226 395 -740 -940 -52 0 101 746 954 -639 -172 188 -255 -229 -542 675 -416 917 883 -145 -594 222 104 704 793 972 878 -926 -471 -750 259 970 974 873 112 509 -892 -611 695 -736 973 701 113 -99 569 418 -796 763 -512 999 840 -562 493 -522 473 906 151 -939 -258 26 295 648 -202 -847 -609 -317 514 -444 213 379 -648 -540 68 420 -472 958 159 -453 -1000 558 -425 348 795 337 -967 828 -316 119 -717 -930 -570 854 975 -782 628 561 739 460 672 264 -85 -523 -212 -644 512 -391 -853 41 898 938 -218 -664 -183 -279 -888 49 977 603 142 875 -866 304 -21 706 -731 740 -364 90 943 -906 -487 -462 598 756 865 -370 344 -638 612 -760 -140 -340 934 -663 951 893 22 -93 -732 268 -538 -535 430 -948 559 -243 392
-523 146 -890 -671 714 -702 -684 -321 -763 -469 -815 362 -75 -237 973 383 -507 394 746 194 784 868 -614 660 659 -338 -935 569 -220 690 274 -713 -264 -31 575 106 227 109 915 -522 296 -655 314 -283 -785 969 902 -879 920 -632 -956 892 361 928 -124 388 465 -234 431 470 14 783 -492 701 -260 413 536 286 900 894 -693 276 -303 -53 308 -10 816 -663 820 -865 473 651 301 960 950 150 399 896 -816 -578 493 904 448 -184 -377 335 342 -386 -647 -4 539 -723 -871 596 -649 -954 -136 -347 514 884 947 -209 -924 -204 655 -225 998 -195 -16 249 -677 -635 223 -379 -305 -478 -947 -888 208 415 807 735 -199 -952 -5 496 -681 -805 -949 -145 -414 77 -501 888 -739 -903 -832 -363 -282 367 738 -444 680 688 530 -159 -928 997 -691 -968 -528 669 166 741 -852 792 -744 872 445 234 763 809 565 -127 68 -520 -918 418 -921 -425 376 898 -538 462 217 139 -232 910 -342 -810 -306 -996 -645 547 291 -55 537 -164 40 -754 869 -544 -686 -60 -332 -216 -66 -295 -412 -621 938 -907 826 -450 -628 86 347 -84 476 163 926 184 -370 -33 -676 -387 953 -110 -802 -153 180 185 -661 -230 -146 26 787 384 45 -317 733 553 723 725 246 -695 767 477 -250 -308 302 -973 -470 -85 519 861 942 491 -30 -247 -783 640 -584 -228 328 -665 141 34 -41 919 452 -833 -292 262 -72 -248 -839 134 524 82 -640 757 -279 863 -405 837 -685 788 -79 796 -446 -824 -366 -192 -63 817 578 -946 110 -119 -515 489 -401 731 330 -795 -443 -185 612 137 -725 -862 581 -780 -794 -29 -552 -276 -562 -910 766 -707 952 -14 559 375 1 -38 -357 504 -755 387 -923 317 -869 779 -525 292 153 613 -963 100 120 119 -76 -704 323 706 717 795 -625 -844 235 654 954 436 -573 591 -636 532 148 890 781 -896 876 -948 29 -312 593 -268 -715 70 968 629 -818 505 -599 -978 897 754 -175 190 145 171 -659 -576 -765 -536 -334 -566 658 364 152 -971 -349 -229 -867 994 -801 975 379 -64 257 844 801 -407 610 -465 -128 601 777 978 503 485 625 -73 549 -766 -90 238 114 471 337 125 287 -117 -104 7 325 -929 550 -873 104 221 544 -926 162 -600 -242 414 739 -698 899 363 143 326 855 248 -860 422 -796 -147 747 -298 453 -121 123 -236 839 870 639 17 -430 913 -343 -634 -821 776 157 331 -15 381 -36 880 73 -322 -418 794 860 389 359 333 -336 -74 -102 695 -431 218 -476 54 -893 201 -266 390 -575 463 -997 80 -211 905
[RUN #4 500 100]
-601 -726 -885 993 61 -476 -141 -211 -422 -651 -760 -593 -954 996 -268 -701 -876 271 -955 -498 -271 845 798 683 462 345 461 -488 -403 -266 896 585 37 -424 -717 -294 -248 977 -194 40 -290 -109 745 166 -779 270 -792 203 806 796 457 241 262 -722 557 -123 -884 -373 -281 -89 -672 927 -757 -470 -204 -645 -264 25 -512 -719 233 172 -396 807 567 648 30 668 440 193 859 -77 -7 -431 979 893 -617 -463 -783 -409 -676 -398 -218 516 -399 -93 539 540 -639 480 436 126 -696 619 -784 651 609 -237 376 752 317 -711 788 580 -809 -827 -569 663 142 -890 -154 -311 571 -673 -843 916 196 623 427 879 -269 -690 -590 375 256 574 -622 -996 978 -730 743 862 464 912 -232 534 734 544 -240 266 363 -963 -572 -611 180 -564 869 502 682 -25 -685 -854 655 367 185 -612 -869 109 348 -179 210 -800 -58 -370 -570 181 -214 108 -259 -429 351 483 -231 237 -389 355 -637 165 -229 218 -15 -886 -802 747 -988 790 507 670 -404 -195 673 -607 765 -804 -86 701 -188 443 428 693 474 346 75 -235 -900 -475 866 125 696 -406 -670 -740 -348 573 -466 -635 -402 190 -958 1 731 342 -853 21 -68 -872 384 897 519 -33 612 -253 -142 19 837 -819 542 260 -894 729 903 169 -256 81 -351 961 -393 -186 -490 319 -975 -284 -644 -238 133 -698 301 -262 841 214 547 -461 562 87 531 282 -624 -59 937 13 733 261 -982 -487 708 442 -947 706 -213 -616 -529 33 -789 -976 867 -821 -418 801 -273 -874 555 38 -556 -794 416 -2 -580 -517 -485 901 922 -14 968 -153 -785 836 930 634 -491 -353 91 -587 11 596 654 227 39 827 119 630 -551 815 5 338 -381 -649 -400 604 657 -267 721 957 -209 -64 -980 889 -316 -306 -483 -808 60 631 -539 34 131 -848 491 481 -80 513 718 -723 933 -816 297 753 -943 660 -380 347 45 -184 925 852 475 285 608 -868 -114 470 -999 -29 -382 313 226 -296 -430 -716 -752 -822 -550 -973 -38 844 559 -712 -246 997 -252 -257 -347 -43 578 -718 -292 700 -699 -926 -591 433 379 -899 264 94 -983 776 228 50 -970 408 148 -949 352 -861 -36 -632 -360 246 426 -60 -655 234 -583 650 -609 -258 249 -535 -522 -734 -156 220 -385 -420 -465 -107 -599 -242 174 -1000 -97 3 -675 593 -196 987 618 -679 687 -892 601 -638 186 -915 14 -47 312 294 -721 563 111 782 982 236 664 -11 164 -379 -585 -73 444 -787 10 953 -513 -691 777 -810 -127 -974 -623 385 -95 -566 861 672 104 -425 986 -500
636 -867 304 -487 255 645 622 -75 516 521 837 263 748 941 280 75 191 -604 440 -969 847 -858 42 355 592 532 938 -746 203 985 -851 690 6 -106 981 -67 117 677 725 -386 630 -138 192 -693 389 -758 864 -952 -259 -316 -968 83 -292 391 760 -664 572 -483 -304 939 789 -129 51 -485 383 606 614 -945 91 -367 721 -539 -613 -962 -537 -732 -240 -145 -919 -974 110 84 -390 -269 762 -469 456 153 -581 237 683 350 828 -425 17 993 48 460 -852 422 -105 594 608 -501 139 -317 976 825 26 92 999 -756 -474 -243 -80 -861 -236 -348 439 787 -432 453 -797 -409 -863 360 479 -700 -305 -267 399 24 459 49 -774 -880 147 -225 -280 -697 -478 128 -882 -847 -148 -164 617 972 290 168 43 -551 890 455 61 -711 929 808 946 -16 -382 269 -648 388 211 -793 254 664 119 -71 -955 8 146 -582 -187 -83 -350 -509 -74 990 -162 673 182 -822 790 -183 -886 -420 -904 -461 303 -525 -800 581 -940 -442 -248 578 -622 738 234 108 292 732 626 -982 751 674 -610 121 -22 -340 -869 916 116 133 427 341 824 -464 -755 914 488 504 -452 565 294 -189 -53 749 101 974 123 -769 -567 -351 -413 330 -343 -279 59 131 -937 -314 -298 921 12 240 -820 -931 527 171 -119 -291 -300 -458 40 366 -308 -792 -206 -380 -704 722 901 -591 539 771 -927 -328 -349 -307 -606 -428 -627 551 -799 834 -4 -370 686 -233 113 576 -28 641 -930 -999 -647 610 -278 336 -670 537 895 -983 500 -811 940 -528 155 971 -302 478 -12 862 -207 277 529 -14 -534 819 -503 94 -270 944 -361 -245 -1 -603 512 -901 52 978 152 -438 699 -752 -580 -754 344 496 560 856 960 283 -287 780 989 -212 -759 79 -25 951 -82 -600 87 397 486 315 -15 -208 -544 807 -787 -3 954 -951 -155 842 -234 476 515 -419 623 47 -401 -896 -903 311 28 -89 -258 -130 -209 -454 -533 -639 695 -63 -479 628 -216 -396 710 214 -884 662 -548 -743 289 125 -827 826 -252 566 -230 -319 -779 -762 -463 877 -497 811 268 -346 -499 -375 445 -778 -403 165 906 715 194 706 -617 -943 -249 818 -95 -642 442 -992 -846 -964 -798 767 -47 -196 449 364 932 96 813 296 797 -629 443 -739 931 -97 743 337 369 740 -838 -440 -714 -913 -973 -146 -221 -271 23 -353 657 805 88 -366 -592 197 380 -724 335 605 -374 -30 246 615 66 863 -99 -656 -424 698 -27 -825 835 -836 -52 -725 -383 -741 159 -408 734 261 -975 -421 -468 235 503 -735 103 -817 908 107 45 164
-139 864 -958 405 -494 -840 -53 -324 -681 346 619 -465 -899 439 -57 572 -981 -856 -411 -489 -49 -437 662 587 -595 368 -774 505 739 -392 371 543 -284 -727 833 57 -706 -371 -306 -506 924 243 984 136 253 -341 -213 993 -643 867 -854 854 -450 710 307 728 963 356 34 822 562 -499 499 -479 345 -785 578 815 424 580 -164 797 -772 232 -61 235 -116 93 -616 340 -455 27 -84 -699 343 -45 388 742 -91 884 -217 192 88 549 151 -710 -225 877 -312 -121 217 528 62 59 -787 305 770 415 813 -199 943 -685 705 -650 -299 -534 -916 234 382 64 -460 394 -620 378 -924 230 -331 -513 -712 779 168 948 464 -918 -647 994 284 -352 83 460 -349 952 996 417 876 -149 -615 -364 185 -889 -876 -708 -563 -497 106 835 114 -697 -383 636 -74 -574 970 -852 -900 601 685 162 793 190 -965 -789 -607 -657 -173 988 992 570 370 910 14 -12 33 266 -678 -403 -412 -146 -47 -824 585 -803 -59 -451 288 -974 -442 -93 104 939 -548 -353 -231 -126 -73 -189 141 -671 470 -986 197 -7 -626 -688 -457 447 -432 926 -466 588 935 597 444 -664 -754 990 -610 -730 706 951 901 -83 539 723 651 -209 252 -804 -559 631 -991 934 840 -276 22 491 -476 889 145 -567 426 -30 768 108 -709 -613 115 545 113 -501 -747 816 845 4 259 -717 -822 -908 712 498 733 155 -662 76 309 -868 -635 973 455 -792 169 656 84 442 -407 -263 -387 707 -195 686 5 928 530 604 126 968 179 -321 -589 110 789 548 678 -157 -414 -751 353 -572 -955 181 -990 -196 25 -946 -634 24 129 124 785 209 -76 -817 614 -568 -732 899 -725 -814 -384 13 96 -782 886 17 -921 -646 324 955 -773 -271 488 74 561 -6 308 -794 -419 -770 -243 526 11 446 -303 -224 326 -23 -636 474 -31 -2 -397 771 -812 -759 -612 381 -978 69 -18 -178 367 458 817 -107 -874 -408 -832 -94 -434 -160 117 423 718 -462 -89 594 32 954 804 -752 -148 -508 478 41 -233 454 -171 373 -614 -382 -661 -8 -807 -755 908 902 -942 995 -418 744 666 272 -748 -997 643 -705 82 -529 -103 -141 290 31 418 681 -934 611 -153 -98 529 753 127 -547 533 -474 -162 -27 883 -109 -41 -44 -672 329 -325 599 672 741 338 231 -43 469 637 -756 -970 344 -177 -624 617 660 -823 865 641 211 -236 1 -901 862 -718 890 -637 547 897 761 893 -848 745 -652 -413 841 725 -560 -472 311 -713 -373 874 392 553 -795 -368 97 -112 238 226 -433 466 -594 92 -445 434 218
767 184 -725 -192 278 732 618 -514 18 156 798 -97 741 43 -686 633 -89 -428 103 630 -369 761 -917 370 -768 40 -463 -149 407 482 114 814 -419 93 -795 784 725 340 -776 997 87 873 -720 915 -243 308 147 178 418 675 2 938 -598 -715 -763 992 -379 -878 -966 -336 422 335 -532 50 650 -251 907 -652 978 -161 -821 176 -114 168 -847 -588 283 551 -657 -352 -356 578 -373 -708 194 270 -534 -580 -48 -678 464 -65 -215 -840 442 -550 293 57 -767 183 144 88 -298 -164 613 253 -901 742 697 -562 230 -324 -671 -472 -23 -104 116 -996 -853 -748 -852 982 -515 -124 865 -241 -168 -737 -319 349 438 -228 -217 21 789 291 -785 687 -646 994 394 -837 658 -146 -864 -871 97 -586 -275 288 901 -574 818 729 -166 129 484 -480 180 217 -792 677 -833 -397 -552 138 392 51 197 755 -108 712 -290 -961 644 266 524 776 -145 -143 -775 378 257 -450 -281 867 -473 -911 -15 269 238 -198 264 -521 -844 526 -220 640 -874 -526 -975 -256 -389 -16 -990 -527 619 557 693 -714 -679 751 845 861 499 933 -7 -285 505 -265 -475 670 54 -227 -870 58 473 -980 141 -132 -925 113 -483 -120 -805 815 -282 518 604 -774 836 -412 866 -489 546 -658 -322 -343 611 -605 556 -500 -33 -947 886 827 -485 955 665 316 -630 749 -653 925 -673 690 -179 -802 49 571 522 -396 -136 -155 -863 292 466 607 523 564 964 876 -407 -332 -675 104 -556 236 -932 657 350 -740 297 84 530 -44 -877 -32 -567 950 107 412 683 628 336 -178 -244 935 59 105 -362 -915 100 -135 -803 -60 995 -638 -305 651 -589 -429 -570 226 203 -807 329 -181 511 331 -212 856 455 306 325 -557 132 106 -414 -812 583 -340 744 -147 244 -816 -884 15 -503 -790 898 -398 -698 -58 -170 536 190 848 -914 -51 323 -83 -972 805 -204 76 -323 -494 -277 274 -699 344 -35 -575 -704 -4 977 775 -98 -644 -793 918 -619 883 -773 496 834 649 439 851 -758 46 307 -543 -935 443 828 591 792 372 -597 345 -30 188 218 -184 -374 -337 -892 -707 -245 826 -423 738 -465 262 -12 931 202 724 -601 -602 5 467 593 993 -610 -906 793 24 -338 -760 859 -979 -684 500 934 10 -248 347 914 -96 457 -640 -335 957 134 983 27 122 727 570 -442 930 -843 209 -381 -904 -690 -711 -252 880 -891 627 -548 -342 -148 243 140 271 525 383 -431 -750 -881 520 -259 760 341 -115 338 747 -851 893 -855 434 -533 37 -208 -688 614 942 843 621 373 567 513 787 -222 483
-129 995 485 245 458 -320 -874 23 199 541 433 997 98 971 769 -909 455 -856 815 -355 -539 -984 -605 244 999 417 -199 -500 -296 -792 833 -915 -896 -470 -737 279 -104 -835 788 606 418 -604 -607 739 -334 -829 -370 271 -517 554 624 -69 -176 -594 -625 994 -633 -292 -824 941 -881 544 123 -938 557 -883 239 73 -166 -913 -892 969 628 -860 -210 -75 -18 587 708 213 -212 132 -360 507 753 -121 514 -206 -560 223 735 390 -17 772 -16 -26 931 -923 -233 -906 -50 11 172 843 508 961 17 382 -771 -369 447 -363 -802 -520 196 114 -557 87 99 -529 -94 -765 -67 -745 822 43 315 227 -955 765 -750 -667 55 743 -51 -524 -377 781 -450 -732 495 -887 524 164 -936 176 -120 -381 -999 -398 531 231 -858 -168 -772 831 680 -875 77 -474 653 -928 761 -886 -131 710 -830 290 346 -418 -927 -497 610 -910 846 272 368 -411 -861 913 60 394 556 -727 -885 -96 217 -264 -704 120 -707 274 546 684 549 -21 325 -281 -884 145 454 553 459 854 -11 66 1 -19 167 -611 746 -719 188 441 -261 634 -98 3 -743 254 234 383 82 -214 -937 -759 -693 785 -768 -854 975 -246 62 281 -527 -822 -92 473 -808 -234 -731 748 849 -423 -584 834 828 -118 -429 407 88 -72 595 -833 538 -307 118 906 -889 -492 -495 -904 -386 -658 215 -169 -185 565 725 -270 -330 480 -362 -201 482 -293 -570 536 -425 623 530 -578 875 79 269 604 -473 689 818 -660 867 -957 577 -471 853 -825 410 677 -564 -662 804 911 858 67 -179 -394 851 -158 862 539 -203 -153 -442 -468 784 438 -124 -597 -287 -561 803 -62 431 -85 -569 -618 -195 -484 -45 284 515 -82 -818 -224 517 705 137 658 978 696 -396 -273 -365 -170 -269 -453 101 -983 195 -464 807 -439 -243 639 -414 -840 -793 396 717 909 -721 361 -213 924 201 -519 -859 397 -247 193 -532 -933 90 966 -903 191 -211 -866 -193 -108 -198 -136 847 540 -547 -164 -700 932 -376 -728 -106 211 -340 723 434 -900 -582 566 521 676 702 991 -576 -929 -40 126 641 -942 374 -28 -678 233 154 763 -472 791 -723 -258 -600 520 -827 373 398 755 505 976 796 479 -779 582 192 53 637 900 -895 -726 682 885 283 -837 -52 -130 532 -227 -790 -589 229 -70 242 411 -415 -572 134 -252 422 185 -36 775 -364 150 671 891 300 -663 -857 -755 -800 -953 799 -107 115 -135 -756 359 -664 -806 -126 -673 -960 -275 377 -319 493 996 -838 130 -630 848 832 308 282 844 -327 928 174 -952 711 214 -844 435
-905 296 -247 -997 -756 -164 452 902 888 -629 945 148 78 -189 207 -268 132 422 757 -380 -432 960 545 -922 230 -793 -430 272 866 621 -576 635 538 326 -302 719 833 856 821 -992 -375 394 -311 324 -114 953 -500 -532 38 301 360 -519 -877 270 -632 47 569 984 -147 -56 -206 615 141 860 896 770 -977 -857 -240 -548 392 579 698 -837 923 842 -864 340 -897 656 -622 186 -292 -141 -79 808 -755 477 415 361 767 522 985 468 -389 -874 689 450 114 711 500 -232 164 146 627 -563 -30 -705 -650 423 537 -162 -485 -146 -186 -442 128 975 51 -131 -204 784 772 748 887 -438 -989 81 -658 -118 -512 867 36 -393 -474 68 970 297 -319 310 -744 24 291 536 -443 722 851 -872 905 -95 -664 -861 -635 -308 -677 61 -661 -199 233 -67 929 637 -851 -196 363 -775 702 130 599 911 580 -681 871 -481 62 -78 611 -769 -853 -510 142 -202 878 29 -36 -768 -172 -257 -700 -929 -638 52 968 480 -843 5 632 991 327 -915 -73 210 390 -852 -437 -171 240 -144 -514 789 260 -524 -236 724 -833 252 -933 -379 -945 -71 40 346 -719 -293 -40 -231 -701 -193 339 943 926 -99 -108 897 -200 410 284 124 -383 -439 393 550 356 753 -143 741 -434 399 -527 858 -104 -990 -347 469 -373 -134 -96 766 561 -42 -846 600 -556 618 673 198 -711 -960 -57 778 845 -822 -503 671 546 -182 485 -490 -747 740 307 28 -626 122 220 -738 59 986 13 969 946 342 -157 -412 -473 386 14 718 -534 -128 236 560 331 743 -609 -773 -601 -357 -93 -491 27 337 -197 396 565 514 73 482 238 481 -109 572 -712 -935 -366 244 316 -489 -392 -177 -652 245 -446 726 818 -805 205 952 -615 -810 56 -385 -340 212 425 -81 136 421 441 -35 -952 -795 -628 -899 57 -762 -459 -776 165 -410 -543 716 -745 564 617 920 -647 170 932 173 -11 -133 -332 0 -749 443 -663 91 -323 -27 -368 555 359 893 853 -235 823 641 904 -413 958 527 -360 257 77 602 864 -934 447 217 445 801 -894 -33 171 699 865 424 -522 742 774 -834 459 -752 321 -300 118 549 670 -714 323 762 -871 -49 771 786 942 267 869 -145 -511 816 -31 787 287 750 138 -339 -130 -230 87 526 -564 -785 440 585 -210 713 402 665 65 758 496 683 -582 648 -911 -706 589 661 -168 -966 102 66 654 139 849 336 769 -687 -100 322 188 -117 909 387 -573 -962 -815 779 -581 -160 -577 489 -475 -64 -812 937 -901 276 809 -316 -654 465 237 -616 -963 918 -950 31
101 586 -601 214 828 126 -505 -48 -329 -165 -95 -666 -646 -66 770 83 -107 255 246 -274 -840 253 -642 -808 449 249 -371 -469 743 -278 -931 695 -717 -341 673 20 -711 688 827 -38 -771 972 -637 -362 395 -22 -590 -936 57 299 729 -140 96 -866 -423 235 557 -29 853 136 1 -860 286 -748 -580 -420 669 -484 -612 457 19 -933 -515 -106 -874 132 955 -764 903 874 355 478 92 -174 -892 674 -374 -487 -957 -380 927 807 876 -175 707 73 679 721 521 790 -414 -548 119 -833 415 -926 -246 -223 87 975 -890 -45 -117 279 26 725 447 648 -375 438 102 626 22 852 -226 187 682 -854 -372 527 -248 130 -444 496 -758 -231 -125 -947 -328 709 324 188 265 742 684 997 385 766 -340 221 -710 -263 -479 -68 -787 -449 758 638 -863 407 3 229 -762 -806 -162 720 295 502 63 146 -111 -292 -317 762 487 46 -73 -102 -39 -587 208 -527 -535 -995 -129 350 223 -630 -287 69 -352 -625 -596 170 453 663 -297 -334 547 -446 302 -555 -544 -227 -387 -348 435 422 497 514 -836 836 -300 -534 -921 -323 -950 360 -167 614 -585 -483 846 -148 -180 131 -77 983 -670 -891 -948 -715 -719 442 224 -32 -744 -962 -994 -549 35 485 335 -182 -746 -152 -316 -354 -149 -101 -56 978 232 969 696 887 948 386 914 -954 568 297 858 -749 473 -286 -533 -706 -142 713 -897 -138 424 124 716 765 -395 97 779 -188 -910 -678 370 832 150 -238 366 -617 61 -862 390 -661 694 206 -143 -209 74 708 698 -344 687 -112 -463 88 320 984 364 414 -123 285 929 392 -742 251 635 -658 376 -595 -509 21 986 977 492 459 -61 -461 237 -178 958 -426 359 507 -576 -903 -211 -346 -490 617 981 878 -674 -675 -665 169 -622 -807 -966 -225 287 -728 -870 -651 -829 371 -777 901 -86 599 -550 607 -367 -869 -780 -379 761 -74 273 -11 -82 -60 258 748 -765 747 -319 -468 -124 598 535 -842 423 991 -925 7 588 -170 998 548 153 -629 403 526 -990 615 517 -538 926 31 746 394 -309 241 79 -880 -565 434 979 256 893 632 184 284 322 538 -756 -810 -4 838 494 -289 115 -778 -382 -233 537 195 739 -254 95 -684 -796 -53 -767 344 712 93 -281 -252 982 330 -997 -230 884 142 -968 247 -454 908 861 863 -992 936 148 68 339 -755 -791 835 190 -511 -219 122 -434 493 210 654 -895 -872 -339 608 5 787 841 796 -818 951 -243 267 -673 -700 882 -723 -648 -671 -216 -192 -439 575 373 -210 -882 -809 -153 971 -657 896 311 191 711 341
445 103 -488 966 -663 531 83 -582 -200 -913 27 380 -499 57 -38 768 -838 -35 308 -500 93 -993 -321 -526 -6 -185 -10 -312 -279 751 -179 76 -564 323 -285 -747 -454 583 -419 -529 -116 737 -668 -827 944 -348 712 -364 196 -143 -473 556 240 -546 318 -93 -598 -154 -88 304 7 -386 -650 106 -89 -770 457 537 -971 925 260 -870 238 610 -912 -363 51 -375 -647 706 282 -837 150 -306 30 298 508 -541 562 -788 13 -270 911 520 -661 -909 228 934 -354 339 -628 -120 866 -858 594 -599 -430 -685 -19 460 -862 782 -808 -543 -533 898 6 839 213 -739 -359 633 498 -225 -110 -40 168 -981 400 887 906 -7 -450 740 464 -336 724 553 -613 -455 286 -234 912 -986 119 976 632 791 -475 -13 52 -461 348 829 -481 459 -645 -538 284 993 -872 609 -735 -674 394 -249 -651 -527 -58 449 -215 -139 71 -438 -997 151 280 951 675 -376 -689 -507 453 -900 558 131 -387 442 54 190 398 169 733 -742 875 143 -583 -380 -777 -244 63 -568 74 -257 943 699 591 998 165 797 44 -378 68 -720 -743 -710 938 626 -589 -343 -263 -895 -669 246 -319 648 451 676 -957 985 657 -701 -586 -292 -360 -606 -147 386 796 703 595 547 -148 -888 354 377 -462 512 120 -944 387 392 -958 -1 267 -807 -59 -585 309 624 -304 847 -22 926 485 -472 -814 253 181 -996 -198 -398 -382 -560 902 338 601 333 -301 -798 -313 -227 303 -282 -437 365 -773 -355 -636 -213 -361 -372 927 -769 -400 -137 -151 824 371 862 97 -928 -274 -36 360 660 -484 661 414 133 -778 785 -716 -542 -722 -931 -711 194 -470 -886 -189 -420 623 838 -347 125 -525 -737 980 -578 466 -763 -84 -899 -948 -103 800 -119 268 727 469 -469 11 154 -315 -330 -465 -239 413 -138 166 -834 149 622 -624 -45 -917 324 -288 -593 599 -963 884 -510 -195 -233 95 66 391 616 -168 -954 523 522 -344 -903 -731 -471 734 -115 -78 139 -162 960 110 -805 262 -832 182 189 -407 471 -368 258 -418 655 597 -253 -307 -490 355 947 -876 -467 -531 -671 629 -911 -712 983 978 -565 -941 969 919 265 -31 -345 -184 -25 -64 -314 982 75 794 -848 528 612 695 317 946 892 446 -118 -220 217 990 -389 -232 -24 -416 560 73 989 930 808 588 -478 -83 -935 315 -134 530 -427 617 -50 200 88 250 -155 105 -113 487 235 313 -983 9 374 586 406 -370 -322 -746 -755 885 426 486 -289 118 172 -57 -271 677 350 393 834 -620 561 -423 -690 504 -182 -223 666 -236 -92 888 795 704 -516
[RUN #5 10 100]
999 948 241 707 -222 -694 120 893 243 170
642 738 -74 -735 912 -700 -709 -425 -363 -320
-627 928 718 -743 385 -991 -923 754 677 -347
-448 -457 -796 692 -892 -87 -746 -433 -761 -781
355 -978 551 -731 -624 5 142 302 644 319
-141 -882 917 -803 -782 -579 -751 135 356 6
-109 929 70 406 -249 539 -753 -125 -271 448
-26 -767 121 -179 -19 -576 560 -775 320 655
456 -466 -275 286 -712 361 -353 157 88 -502
-200 451 -292 -758 -471 67 930 -431 264 983
340 -426 627 343 820 310 649 991 -380 -752
-683 -125 383 82 112 483 540 284 -961 158
-735 123 -908 -862 -192 41 -511 146 346 -464
-687 -419 290 666 824 -605 -516 463 103 -710
854 -487 87 -721 362 609 678 -302 -394 23
-703 311 285 941 453 89 -788 980 -762 857
-296 944 -583 -49 979 704 607 269 86 -232
723 681 -175 593 -773 -973 -520 -259 -154 -213
-472 -236 741 146 944 480 -865 936 347 -592
364 701 785 -876 202 -883 -283 324 291 -388
577 648 -374 -957 -995 -46 225 -606 758 478
502 -135 -101 -65 -501 -629 699 126 979 -92
-412 -791 672 284 -5 762 -848 676 492 802
-205 176 723 19 -901 993 91 394 143 -424
-828 301 786 -860 265 334 -659 -751 345 -476
640 308 737 -955 -640 -107 991 -780 721 -104
-624 -922 874 -327 161 664 -901 -998 108 -75
-736 -734 307 895 56 498 -830 -464 371 27
933 736 441 -729 -402 67 1 547 -645 -618
776 445 -700 -777 806 -526 -1 645 -450 224
-704 654 633 410 -226 770 -903 -953 599 504
340 423 201 397 -21 797 857 -109 883 406
359 28 -767 157 -17 -369 -656 -388 -351 -611
-586 906 402 930 752 663 696 -698 -147 845
-236 -521 -975 607 503 246 -559 -780 -879 146
-721 -534 -42 152 240 338 682 342 534 35
514 -628 -829 -640 -114 -358 441 781 -43 -743
844 740 -953 19 -326 314 -155 400 115 183
192 -390 -260 -237 -53 60 -648 -798 -996 477
116 -696 81 -253 -632 -209 -654 -935 -125 735
-898 84 5 -721 -931 -679 -943 -788 257 252
-145 -13 -615 -818 68 752 885 918 821 280
696 240 -16 -413 -894 -325 -102 725 -594 74
185 -979 -429 -216 -854 764 705 -655 -643 -876
999 22 244 -451 353 -867 546 -18 -981 -668
-341 -874 284 -631 553 939 291 364 369 971
-560 -848 -831 720 6 986 -639 68 682 -330
612 546 17 -267 -460 120 832 130 -479 632
-287 -223 -755 383 -134 -747 371 -463 179 -414
935 -546 66 -154 -110 -985 -991 651 -122 -364
-544 -142 502 833 265 -160 332 679 421 406
513 -826 -334 -788 -376 -311 188 907 575 -200
-818 916 503 497 764 783 -669 412 -19 -380
-364 430 -310 -505 488 82 -923 -393 465 544
-766 29 823 778 535 -481 -585 190 -695 666
-292 633 -734 -601 -595 -594 -586 858 71 488
-166 300 -558 534 -526 -573 671 874 437 -499
-358 319 433 843 -442 972 -320 -843 -667 -688
-621 -731 -252 -21 -921 -648 -464 -895 48 -457
-477 520 -756 794 227 935 658 204 -527 846
-255 168 -926 -776 69 844 922 840 423 194
903 -118 391 724 121 -14 896 83 -310 842
710 996 952 73 -355 960 -515 -215 532 -45
-953 252 38 -925 -992 476 -541 564 935 -978
-273 -824 -965 309 -332 253 742 -521 38 503
925 820 -690 -236 -615 198 -433 -275 306 724
57 111 982 -232 780 216 -384 -75 238 -679
564 -74 -143 710 -740 -708 687 -394 686 26
-967 269 74 678 929 -226 723 566 263 -682
-832 -372 -164 -646 -380 -745 -191 934 -578 -605
335 -955 -629 396 567 -200 941 853 911 116
-190 142 236 531 -347 -969 410 -761 318 -87
570 -423 940 -627 -379 99 -968 -445 -713 -287
-560 0 741 112 350 338 -922 -318 21 -620
972 705 -830 336 -810 -761 -116 466 -915 605
-111 880 368 -495 -823 -350 873 524 883 -557
-344 814 559 -490 -914 -186 417 -631 -840 204
-759 -23 -865 650 -708 -197 552 221 326 -601
523 65 471 -500 560 -566 -362 320 436 89
822 98 742 442 -383 949 -252 -168 712 997
493 113 90 800 -799 756 75 963 -392 739
504 610 973 578 -333 719 -744 407 -372 -736
-252 -749 258 97 948 636 -104 530 -822 47
-403 -928 459 -634 -39 -3 895 -189 -468 142
388 718 -871 411 5 193 0 520 -227 -40
864 -92 -431 -173 -821 571 -872 172 587 -950
-850 -126 833 -226 697 609 821 548 323 687
-171 -713 -764 -385 503 -849 -314 116 861 225
314 723 -728 -686 59 537 451 -457 532 -580
665 798 -684 679 819 -853 -709 618 -291 561
339 815 755 906 452 229 958 716 -711 978
-392 236 175 -629 -13 178 458 315 -84 -294
-472 -341 646 368 213 261 721 -278 -271 -767
976 440 265 572 -43 -349 -355 735 -528 -45
-894 49 325 944 -690 -86 -547 491 -519 61
-37 357 713 -51 655 -494 -791 284 -744 -394
370 -539 410 -461 375 363 -161 -52 -686 -919
531 877 275 -494 -914 389 -290 -556 860 314
408 914 863 -986 -152 -857 982 -366 -775 650
298 -11 -317 183 150 330 206 232 903 149
