make all --print-data-base --no-builtin-variables --no-builtin-rules --question
# GNU Make 3.81
# Copyright (C) 2006  Free Software Foundation, Inc.
# This is free software; see the source for copying conditions.
# There is NO warranty; not even for MERCHANTABILITY or FITNESS FOR A
# PARTICULAR PURPOSE.

# This program built for i386-apple-darwin11.3.0
 

# Make data base, printed on Fri May 13 20:43:57 2022

# Variables

# automatic
<D = $(patsubst %/,%,$(dir $<))
# automatic
?F = $(notdir $?)
# environment
VSCODE_LOG_NATIVE = false
# automatic
?D = $(patsubst %/,%,$(dir $?))
# makefile (from `Makefile', line 37)
COLOUR_END = \033[0m
# makefile (from `Makefile', line 32)
INCLUDES = -Ilibft/
# automatic
@D = $(patsubst %/,%,$(dir $@))
# automatic
@F = $(notdir $@)
# makefile
CURDIR := /Users/gafreita/Desktop/Push_Swap
# makefile
SHELL = /bin/sh
# environment
VSCODE_NLS_CONFIG = {"locale":"en-us","availableLanguages":{},"_languagePackSupport":true}
# environment
_ = /usr/bin/make
# makefile (from `Makefile', line 1)
MAKEFILE_LIST :=  Makefile
# environment
VSCODE_NODE_CACHED_DATA_DIR = /Users/gafreita/Library/Application Support/Code/CachedData/b4c1bd0a9b03c749ea011b06c6d2676c8091a70c
# environment
VSCODE_VERBOSE_LOGGING = true
# makefile (from `Makefile', line 28)
OBJS = $(SRCS:%.c=%.o)
# environment
VSCODE_IPC_HOOK_EXTHOST = /var/folders/zz/zyxvpxvq6csfxvn_n0001_38000_ht/T/vscode-ipc-f374bc36-8d20-4cd2-9790-61a8498f51bf.sock
# environment
VSCODE_CWD = /
# environment
PATH = /usr/local/bin:/usr/bin:/bin:/usr/sbin:/sbin:/usr/local/munki
# makefile (from `Makefile', line 35)
COLOUR_BLUE = \033[0;34m
# environment
VSCODE_LOG_STACK = false
# environment
ELECTRON_RUN_AS_NODE = 1
# default
.FEATURES := target-specific order-only second-expansion else-if archives jobserver check-symlink
# environment
SSH_AUTH_SOCK = /private/tmp/com.apple.launchd.amZtzhrdKp/Listeners
# automatic
%F = $(notdir $%)
# environment
VSCODE_PIPE_LOGGING = true
# environment
PWD = /Users/gafreita/Desktop/Push_Swap
# environment
ORIGINAL_XDG_CURRENT_DESKTOP = undefined
# environment
VSCODE_AMD_ENTRYPOINT = vs/workbench/services/extensions/node/extensionHostProcess
# environment
HOME = /Users/gafreita
# default
MAKEFILEPATH := /Applications/Xcode.app/Contents/Developer/Makefiles
# environment
LOGNAME = gafreita
# environment
APPLICATION_INSIGHTS_NO_DIAGNOSTIC_CHANNEL = true
# environment
VSCODE_HANDLES_UNCAUGHT_ERRORS = true
# automatic
^D = $(patsubst %/,%,$(dir $^))
# environment
XPC_FLAGS = 0x0
# default
MAKE = $(MAKE_COMMAND)
# default
MAKECMDGOALS := all
# makefile (from `Makefile', line 15)
SRCS = big_sort.c new_lists.c print_stuff.c push.c push_swap.c reverse_rotate.c rotate.c small_sort.c swap.c utils_lists.c utils_sort.c big_sort.c
# environment
SHLVL = 1
# makefile (from `Makefile', line 30)
CC = gcc -Wall -Wextra -Werror -fsanitize=address
# default
MAKE_VERSION := 3.81
# environment
USER = gafreita
# makefile
.DEFAULT_GOAL := push_swap
# makefile (from `Makefile', line 13)
NAME = push_swap
# automatic
%D = $(patsubst %/,%,$(dir $%))
# default
MAKE_COMMAND := /Applications/Xcode.app/Contents/Developer/usr/bin/make
# default
.VARIABLES := 
# environment
TMPDIR = /var/folders/zz/zyxvpxvq6csfxvn_n0001_38000_ht/T/
# automatic
*F = $(notdir $*)
# environment
VSCODE_IPC_HOOK = /Users/gafreita/Library/Application Support/Code/1.57.0-main.sock
# makefile
MAKEFLAGS = Rrqp
# environment
MFLAGS = -Rrqp
# automatic
*D = $(patsubst %/,%,$(dir $*))
# environment
XPC_SERVICE_NAME = com.microsoft.VSCode.2124
# automatic
+D = $(patsubst %/,%,$(dir $+))
# makefile (from `Makefile', line 36)
COLOUR_GREEN = \033[0;32m
# automatic
+F = $(notdir $+)
# environment
__CF_USER_TEXT_ENCODING = 0x2A1A:0x0:0x0
# default
MAKEFILES := 
# automatic
<F = $(notdir $<)
# environment
LC_ALL = C
# makefile (from `Makefile', line 34)
COLOUR_RED = \033[0;31m
# automatic
^F = $(notdir $^)
# default
SUFFIXES := 
# default
.INCLUDE_DIRS = /usr/local/include
# environment
MAKELEVEL := 0
# environment
LANG = C
# environment
VSCODE_PID = 29157
# variable set hash-table stats:
# Load=69/1024=7%, Rehash=0, Collisions=3/99=3%

# Pattern-specific Variable Values

# No pattern-specific variable values.

# Directories

# . (device 16777225, inode 797005): 31 files, no impossibilities.

# 31 files, no impossibilities in 1 directories.

# Implicit Rules

%.o: %.c
#  commands to execute (from `Makefile', line 49):
	@$(CC) -g $(INCLUDES) -c $(^) -o $(@)
	

# 1 implicit rules, 0 (0.0%) terminal.

# Files

reverse_rotate.o: reverse_rotate.c
#  Implicit rule search has been done.
#  Implicit/static pattern stem: `reverse_rotate'
#  Last modified 2022-05-13 20:43:38
#  File has been updated.
#  Successfully updated.
# variable set hash-table stats:
# Load=0/32=0%, Rehash=0, Collisions=0/0=0%
#  commands to execute (from `Makefile', line 49):
	@$(CC) -g $(INCLUDES) -c $(^) -o $(@)
	

# Not a target:
new_lists.c:
#  Implicit rule search has been done.
#  Last modified 2022-05-03 19:19:39
#  File has been updated.
#  Successfully updated.
# variable set hash-table stats:
# Load=0/32=0%, Rehash=0, Collisions=0/0=0%

# Not a target:
push_swap.c:
#  Implicit rule search has been done.
#  Last modified 2022-05-13 19:52:40
#  File has been updated.
#  Successfully updated.
# variable set hash-table stats:
# Load=0/32=0%, Rehash=0, Collisions=0/0=0%

# Not a target:
utils_sort.c:
#  Implicit rule search has been done.
#  Last modified 2022-05-06 19:06:09
#  File has been updated.
#  Successfully updated.
# variable set hash-table stats:
# Load=0/32=0%, Rehash=0, Collisions=0/0=0%

all: push_swap
#  Phony target (prerequisite of .PHONY).
#  Command-line target.
#  Implicit rule search has not been done.
#  File does not exist.
#  File has been updated.
#  Needs to be updated (-q is set).
# variable set hash-table stats:
# Load=0/32=0%, Rehash=0, Collisions=0/2=0%

print_stuff.o: print_stuff.c
#  Implicit rule search has been done.
#  Implicit/static pattern stem: `print_stuff'
#  Last modified 2022-05-13 20:43:38
#  File has been updated.
#  Successfully updated.
# variable set hash-table stats:
# Load=0/32=0%, Rehash=0, Collisions=0/0=0%
#  commands to execute (from `Makefile', line 49):
	@$(CC) -g $(INCLUDES) -c $(^) -o $(@)
	

.PHONY: all clean fclean re libft
#  Implicit rule search has not been done.
#  Modification time never checked.
#  File has not been updated.

# Not a target:
swap.c:
#  Implicit rule search has been done.
#  Last modified 2022-05-03 19:19:39
#  File has been updated.
#  Successfully updated.
# variable set hash-table stats:
# Load=0/32=0%, Rehash=0, Collisions=0/0=0%

big_sort.o: big_sort.c
#  Implicit rule search has been done.
#  Implicit/static pattern stem: `big_sort'
#  Last modified 2022-05-13 20:43:38
#  File has been updated.
#  Successfully updated.
# variable set hash-table stats:
# Load=0/32=0%, Rehash=0, Collisions=0/0=0%
#  commands to execute (from `Makefile', line 49):
	@$(CC) -g $(INCLUDES) -c $(^) -o $(@)
	

rotate.o: rotate.c
#  Implicit rule search has been done.
#  Implicit/static pattern stem: `rotate'
#  Last modified 2022-05-13 20:43:38
#  File has been updated.
#  Successfully updated.
# variable set hash-table stats:
# Load=0/32=0%, Rehash=0, Collisions=0/0=0%
#  commands to execute (from `Makefile', line 49):
	@$(CC) -g $(INCLUDES) -c $(^) -o $(@)
	

libft:
#  Phony target (prerequisite of .PHONY).
#  Implicit rule search has not been done.
#  Implicit/static pattern stem: `'
#  File does not exist.
#  File has been updated.
#  Needs to be updated (-q is set).
# automatic
# @ := libft
# automatic
# % := 
# automatic
# * := 
# automatic
# + := 
# automatic
# | := 
# automatic
# < := 
# automatic
# ^ := 
# automatic
# ? := 
# variable set hash-table stats:
# Load=8/32=25%, Rehash=0, Collisions=1/10=10%
#  commands to execute (from `Makefile', line 52):
	@make -C libft/
	

# Not a target:
.SUFFIXES:
#  Implicit rule search has not been done.
#  Modification time never checked.
#  File has not been updated.

push.o: push.c
#  Implicit rule search has been done.
#  Implicit/static pattern stem: `push'
#  Last modified 2022-05-13 20:43:38
#  File has been updated.
#  Successfully updated.
# variable set hash-table stats:
# Load=0/32=0%, Rehash=0, Collisions=0/0=0%
#  commands to execute (from `Makefile', line 49):
	@$(CC) -g $(INCLUDES) -c $(^) -o $(@)
	

small_sort.o: small_sort.c
#  Implicit rule search has been done.
#  Implicit/static pattern stem: `small_sort'
#  Last modified 2022-05-13 20:43:38
#  File has been updated.
 
#  Successfully updated.
# variable set hash-table stats:
# Load=0/32=0%, Rehash=0, Collisions=0/0=0%
#  commands to execute (from `Makefile', line 49):
	@$(CC) -g $(INCLUDES) -c $(^) -o $(@)
	

# Not a target:
Makefile:
#  Implicit rule search has been done.
#  Last modified 2022-05-13 20:43:33
#  File has been updated.
#  Successfully updated.
# variable set hash-table stats:
# Load=0/32=0%, Rehash=0, Collisions=0/0=0%

utils_lists.o: utils_lists.c
#  Implicit rule search has been done.
#  Implicit/static pattern stem: `utils_lists'
#  Last modified 2022-05-13 20:43:38
#  File has been updated.
#  Successfully updated.
# variable set hash-table stats:
# Load=0/32=0%, Rehash=0, Collisions=0/0=0%
#  commands to execute (from `Makefile', line 49):
	@$(CC) -g $(INCLUDES) -c $(^) -o $(@)
	

# Not a target:
reverse_rotate.c:
#  Implicit rule search has been done.
#  Last modified 2022-05-03 19:19:39
#  File has been updated.
#  Successfully updated.
# variable set hash-table stats:
# Load=0/32=0%, Rehash=0, Collisions=0/0=0%

# Not a target:
print_stuff.c:
#  Implicit rule search has been done.
#  Last modified 2022-05-03 19:19:39
#  File has been updated.
#  Successfully updated.
# variable set hash-table stats:
# Load=0/32=0%, Rehash=0, Collisions=0/0=0%

fclean: clean
#  Phony target (prerequisite of .PHONY).
#  Implicit rule search has not been done.
#  File does not exist.
#  File has not been updated.
#  commands to execute (from `Makefile', line 59):
	@make fclean -C libft/
	@rm -f $(NAME)
	

# Not a target:
big_sort.c:
#  Implicit rule search has been done.
#  Last modified 2022-05-13 19:45:54
#  File has been updated.
#  Successfully updated.
# variable set hash-table stats:
# Load=0/32=0%, Rehash=0, Collisions=0/0=0%

# Not a target:
rotate.c:
#  Implicit rule search has been done.
#  Last modified 2022-05-03 19:19:39
#  File has been updated.
#  Successfully updated.
# variable set hash-table stats:
# Load=0/32=0%, Rehash=0, Collisions=0/0=0%

# Not a target:
.DEFAULT:
#  Implicit rule search has not been done.
#  Modification time never checked.
#  File has not been updated.

# Not a target:
push.c:
#  Implicit rule search has been done.
#  Last modified 2022-05-03 19:19:39
#  File has been updated.
#  Successfully updated.
# variable set hash-table stats:
# Load=0/32=0%, Rehash=0, Collisions=0/0=0%

# Not a target:
small_sort.c:
#  Implicit rule search has been done.
#  Last modified 2022-05-13 20:41:22
#  File has been updated.
#  Successfully updated.
# variable set hash-table stats:
# Load=0/32=0%, Rehash=0, Collisions=0/0=0%

# Not a target:
utils_lists.c:
#  Implicit rule search has been done.
#  Last modified 2022-05-03 19:52:00
#  File has been updated.
#  Successfully updated.
# variable set hash-table stats:
# Load=0/32=0%, Rehash=0, Collisions=0/0=0%

re: fclean all
#  Phony target (prerequisite of .PHONY).
#  Implicit rule search has not been done.
#  File does not exist.
#  File has not been updated.

clean:
#  Phony target (prerequisite of .PHONY).
#  Implicit rule search has not been done.
#  File does not exist.
#  File has not been updated.
#  commands to execute (from `Makefile', line 55):
	@make clean -C libft/
	@rm -f $(OBJS)
	

new_lists.o: new_lists.c
#  Implicit rule search has been done.
#  Implicit/static pattern stem: `new_lists'
#  Last modified 2022-05-13 20:43:38
#  File has been updated.
#  Successfully updated.
# variable set hash-table stats:
# Load=0/32=0%, Rehash=0, Collisions=0/0=0%
#  commands to execute (from `Makefile', line 49):
	@$(CC) -g $(INCLUDES) -c $(^) -o $(@)
	

push_swap.o: push_swap.c
#  Implicit rule search has been done.
#  Implicit/static pattern stem: `push_swap'
#  Last modified 2022-05-13 20:43:38
#  File has been updated.
#  Successfully updated.
# variable set hash-table stats:
# Load=0/32=0%, Rehash=0, Collisions=0/0=0%
#  commands to execute (from `Makefile', line 49):
	@$(CC) -g $(INCLUDES) -c $(^) -o $(@)
	

push_swap: big_sort.o new_lists.o print_stuff.o push.o push_swap.o reverse_rotate.o rotate.o small_sort.o swap.o utils_lists.o utils_sort.o big_sort.o | libft
#  Implicit rule search has not been done.
#  Last modified 2022-05-13 20:43:40
#  File has been updated.
#  Needs to be updated (-q is set).
# variable set hash-table stats:
# Load=0/32=0%, Rehash=0, Collisions=0/2=0%
#  commands to execute (from `Makefile', line 43):
	@$(CC) $(^) -Llibft -lft -o $(@)
	@echo "$(COLOUR_GREEN)push_swap OK$(COLOUR_END)"
	

utils_sort.o: utils_sort.c
#  Implicit rule search has been done.
#  Implicit/static pattern stem: `utils_sort'
#  Last modified 2022-05-13 20:43:38
#  File has been updated.
#  Successfully updated.
# variable set hash-table stats:
# Load=0/32=0%, Rehash=0, Collisions=0/0=0%
#  commands to execute (from `Makefile', line 49):
	@$(CC) -g $(INCLUDES) -c $(^) -o $(@)
	

swap.o: swap.c
#  Implicit rule search has been done.
#  Implicit/static pattern stem: `swap'
#  Last modified 2022-05-13 20:43:38
#  File has been updated.
#  Successfully updated.
# variable set hash-table stats:
# Load=0/32=0%, Rehash=0, Collisions=0/0=0%
#  commands to execute (from `Makefile', line 49):
	@$(CC) -g $(INCLUDES) -c $(^) -o $(@)
	

# files hash-table stats:
# Load=32/1024=3%, Rehash=0, Collisions=0/101=0%
# VPATH Search Paths

# No `vpath' search paths.

# No general (`VPATH' variable) search path.

# # of strings in strcache: 1
# # of strcache buffers: 1
# strcache size: total = 4096 / max = 4096 / min = 4096 / avg = 4096
# strcache free: total = 4087 / max = 4087 / min = 4087 / avg = 4087

# Finished Make data base on Fri May 13 20:43:57 2022

 
